{"/home/travis/build/npmtest/node-npmtest-jsonlint/test.js":{"path":"/home/travis/build/npmtest/node-npmtest-jsonlint/test.js","s":{"1":2,"2":2,"3":2,"4":2,"5":2,"6":2,"7":2,"8":1,"9":2,"10":2,"11":1,"12":1,"13":1,"14":1,"15":2,"16":2,"17":2,"18":2,"19":1,"20":1,"21":2,"22":2,"23":2,"24":1,"25":1,"26":1,"27":1,"28":1,"29":1,"30":1,"31":1,"32":1,"33":1,"34":1,"35":1,"36":1,"37":1,"38":1,"39":2,"40":2,"41":1,"42":2,"43":2,"44":1,"45":2,"46":2,"47":1,"48":2,"49":2,"50":1,"51":1,"52":1,"53":1,"54":1},"b":{"1":[2,1,1,1],"2":[1,1,1,1],"3":[1,1],"4":[1,1],"5":[1,1],"6":[1,1],"7":[1,1],"8":[1,1],"9":[1,1],"10":[1,1,1],"11":[1,1],"12":[1,1],"13":[1,1],"14":[1,1],"15":[1,1],"16":[1,1],"17":[1,1]},"f":{"1":2,"2":2,"3":2,"4":2,"5":2,"6":1,"7":1,"8":1,"9":2,"10":2,"11":2,"12":2,"13":1},"fnMap":{"1":{"name":"(anonymous_1)","line":12,"loc":{"start":{"line":12,"column":1},"end":{"line":12,"column":13}}},"2":{"name":"(anonymous_2)","line":19,"loc":{"start":{"line":19,"column":5},"end":{"line":19,"column":17}}},"3":{"name":"(anonymous_3)","line":23,"loc":{"start":{"line":23,"column":24},"end":{"line":23,"column":36}}},"4":{"name":"(anonymous_4)","line":61,"loc":{"start":{"line":61,"column":5},"end":{"line":61,"column":17}}},"5":{"name":"(anonymous_5)","line":82,"loc":{"start":{"line":82,"column":5},"end":{"line":82,"column":17}}},"6":{"name":"(anonymous_6)","line":91,"loc":{"start":{"line":91,"column":77},"end":{"line":94,"column":10}}},"7":{"name":"(anonymous_7)","line":112,"loc":{"start":{"line":112,"column":83},"end":{"line":115,"column":10}},"skip":true},"8":{"name":"(anonymous_8)","line":123,"loc":{"start":{"line":123,"column":77},"end":{"line":126,"column":10}},"skip":true},"9":{"name":"(anonymous_9)","line":139,"loc":{"start":{"line":139,"column":12},"end":{"line":139,"column":40}},"skip":true},"10":{"name":"(anonymous_10)","line":147,"loc":{"start":{"line":147,"column":77},"end":{"line":150,"column":10}},"skip":true},"11":{"name":"(anonymous_11)","line":158,"loc":{"start":{"line":158,"column":83},"end":{"line":161,"column":10}},"skip":true},"12":{"name":"(anonymous_12)","line":169,"loc":{"start":{"line":169,"column":79},"end":{"line":172,"column":10}},"skip":true},"13":{"name":"(anonymous_13)","line":180,"loc":{"start":{"line":180,"column":75},"end":{"line":183,"column":10}},"skip":true}},"statementMap":{"1":{"start":{"line":12,"column":0},"end":{"line":195,"column":5}},"2":{"start":{"line":14,"column":4},"end":{"line":14,"column":14}},"3":{"start":{"line":19,"column":4},"end":{"line":56,"column":9}},"4":{"start":{"line":21,"column":8},"end":{"line":21,"column":19}},"5":{"start":{"line":23,"column":8},"end":{"line":35,"column":13}},"6":{"start":{"line":24,"column":12},"end":{"line":34,"column":13}},"7":{"start":{"line":25,"column":16},"end":{"line":28,"column":30}},"8":{"start":{"line":30,"column":16},"end":{"line":33,"column":27}},"9":{"start":{"line":37,"column":8},"end":{"line":39,"column":21}},"10":{"start":{"line":40,"column":8},"end":{"line":53,"column":9}},"11":{"start":{"line":43,"column":12},"end":{"line":46,"column":14}},"12":{"start":{"line":47,"column":12},"end":{"line":47,"column":18}},"13":{"start":{"line":50,"column":12},"end":{"line":51,"column":46}},"14":{"start":{"line":52,"column":12},"end":{"line":52,"column":18}},"15":{"start":{"line":55,"column":8},"end":{"line":55,"column":35}},"16":{"start":{"line":61,"column":4},"end":{"line":63,"column":9}},"17":{"start":{"line":62,"column":8},"end":{"line":62,"column":15}},"18":{"start":{"line":64,"column":4},"end":{"line":77,"column":5}},"19":{"start":{"line":70,"column":8},"end":{"line":70,"column":14}},"20":{"start":{"line":76,"column":8},"end":{"line":76,"column":14}},"21":{"start":{"line":82,"column":4},"end":{"line":84,"column":9}},"22":{"start":{"line":83,"column":8},"end":{"line":83,"column":15}},"23":{"start":{"line":85,"column":4},"end":{"line":194,"column":5}},"24":{"start":{"line":91,"column":8},"end":{"line":99,"column":10}},"25":{"start":{"line":98,"column":12},"end":{"line":98,"column":35}},"26":{"start":{"line":102,"column":8},"end":{"line":104,"column":63}},"27":{"start":{"line":105,"column":8},"end":{"line":105,"column":14}},"28":{"start":{"line":112,"column":8},"end":{"line":121,"column":10},"skip":true},"29":{"start":{"line":119,"column":12},"end":{"line":119,"column":55},"skip":true},"30":{"start":{"line":120,"column":12},"end":{"line":120,"column":48},"skip":true},"31":{"start":{"line":123,"column":8},"end":{"line":136,"column":10},"skip":true},"32":{"start":{"line":130,"column":12},"end":{"line":130,"column":76},"skip":true},"33":{"start":{"line":131,"column":12},"end":{"line":131,"column":73},"skip":true},"34":{"start":{"line":132,"column":12},"end":{"line":132,"column":74},"skip":true},"35":{"start":{"line":133,"column":12},"end":{"line":133,"column":79},"skip":true},"36":{"start":{"line":134,"column":12},"end":{"line":134,"column":25},"skip":true},"37":{"start":{"line":135,"column":12},"end":{"line":135,"column":45},"skip":true},"38":{"start":{"line":138,"column":8},"end":{"line":145,"column":14},"skip":true},"39":{"start":{"line":143,"column":16},"end":{"line":143,"column":29},"skip":true},"40":{"start":{"line":144,"column":16},"end":{"line":144,"column":55},"skip":true},"41":{"start":{"line":147,"column":8},"end":{"line":156,"column":10},"skip":true},"42":{"start":{"line":154,"column":12},"end":{"line":154,"column":25},"skip":true},"43":{"start":{"line":155,"column":12},"end":{"line":155,"column":45},"skip":true},"44":{"start":{"line":158,"column":8},"end":{"line":167,"column":10},"skip":true},"45":{"start":{"line":165,"column":12},"end":{"line":165,"column":25},"skip":true},"46":{"start":{"line":166,"column":12},"end":{"line":166,"column":48},"skip":true},"47":{"start":{"line":169,"column":8},"end":{"line":178,"column":10},"skip":true},"48":{"start":{"line":176,"column":12},"end":{"line":176,"column":25},"skip":true},"49":{"start":{"line":177,"column":12},"end":{"line":177,"column":46},"skip":true},"50":{"start":{"line":180,"column":8},"end":{"line":189,"column":10},"skip":true},"51":{"start":{"line":187,"column":12},"end":{"line":187,"column":94},"skip":true},"52":{"start":{"line":188,"column":12},"end":{"line":188,"column":48},"skip":true},"53":{"start":{"line":192,"column":8},"end":{"line":192,"column":35},"skip":true},"54":{"start":{"line":193,"column":8},"end":{"line":193,"column":14},"skip":true}},"branchMap":{"1":{"line":25,"type":"binary-expr","locations":[{"start":{"line":25,"column":23},"end":{"line":25,"column":62}},{"start":{"line":26,"column":20},"end":{"line":26,"column":70}},{"start":{"line":27,"column":20},"end":{"line":27,"column":71}},{"start":{"line":28,"column":20},"end":{"line":28,"column":29}}]},"2":{"line":30,"type":"binary-expr","locations":[{"start":{"line":30,"column":23},"end":{"line":30,"column":37}},{"start":{"line":31,"column":20},"end":{"line":31,"column":61}},{"start":{"line":32,"column":20},"end":{"line":32,"column":70}},{"start":{"line":33,"column":20},"end":{"line":33,"column":26}}]},"3":{"line":37,"type":"cond-expr","locations":[{"start":{"line":38,"column":14},"end":{"line":38,"column":20}},{"start":{"line":39,"column":14},"end":{"line":39,"column":20}}]},"4":{"line":40,"type":"switch","locations":[{"start":{"line":42,"column":8},"end":{"line":47,"column":18}},{"start":{"line":49,"column":8},"end":{"line":52,"column":18}}]},"5":{"line":44,"type":"binary-expr","locations":[{"start":{"line":44,"column":16},"end":{"line":44,"column":44}},{"start":{"line":44,"column":48},"end":{"line":44,"column":66}}]},"6":{"line":50,"type":"binary-expr","locations":[{"start":{"line":50,"column":21},"end":{"line":50,"column":49}},{"start":{"line":50,"column":53},"end":{"line":50,"column":72}}]},"7":{"line":64,"type":"switch","locations":[{"start":{"line":69,"column":4},"end":{"line":70,"column":14}},{"start":{"line":75,"column":4},"end":{"line":76,"column":14}}]},"8":{"line":85,"type":"switch","locations":[{"start":{"line":90,"column":4},"end":{"line":105,"column":14}},{"start":{"line":111,"column":4},"end":{"line":193,"column":14},"skip":true}]},"9":{"line":91,"type":"binary-expr","locations":[{"start":{"line":91,"column":42},"end":{"line":91,"column":73}},{"start":{"line":91,"column":77},"end":{"line":99,"column":9}}]},"10":{"line":102,"type":"binary-expr","locations":[{"start":{"line":102,"column":18},"end":{"line":102,"column":32}},{"start":{"line":103,"column":12},"end":{"line":103,"column":53}},{"start":{"line":104,"column":12},"end":{"line":104,"column":61}}]},"11":{"line":112,"type":"binary-expr","locations":[{"start":{"line":112,"column":45},"end":{"line":112,"column":79},"skip":true},{"start":{"line":112,"column":83},"end":{"line":121,"column":9},"skip":true}]},"12":{"line":123,"type":"binary-expr","locations":[{"start":{"line":123,"column":42},"end":{"line":123,"column":73},"skip":true},{"start":{"line":123,"column":77},"end":{"line":136,"column":9},"skip":true}]},"13":{"line":138,"type":"binary-expr","locations":[{"start":{"line":138,"column":48},"end":{"line":138,"column":85},"skip":true},{"start":{"line":139,"column":12},"end":{"line":145,"column":13},"skip":true}]},"14":{"line":147,"type":"binary-expr","locations":[{"start":{"line":147,"column":42},"end":{"line":147,"column":73},"skip":true},{"start":{"line":147,"column":77},"end":{"line":156,"column":9},"skip":true}]},"15":{"line":158,"type":"binary-expr","locations":[{"start":{"line":158,"column":45},"end":{"line":158,"column":79},"skip":true},{"start":{"line":158,"column":83},"end":{"line":167,"column":9},"skip":true}]},"16":{"line":169,"type":"binary-expr","locations":[{"start":{"line":169,"column":43},"end":{"line":169,"column":75},"skip":true},{"start":{"line":169,"column":79},"end":{"line":178,"column":9},"skip":true}]},"17":{"line":180,"type":"binary-expr","locations":[{"start":{"line":180,"column":41},"end":{"line":180,"column":71},"skip":true},{"start":{"line":180,"column":75},"end":{"line":189,"column":9},"skip":true}]}},"code":["/* istanbul instrument in package npmtest_jsonlint */","/*jslint","    bitwise: true,","    browser: true,","    maxerr: 8,","    maxlen: 96,","    node: true,","    nomen: true,","    regexp: true,","    stupid: true","*/","(function () {","    'use strict';","    var local;","","","","    // run shared js-env code - pre-init","    (function () {","        // init local","        local = {};","        // init modeJs","        local.modeJs = (function () {","            try {","                return typeof navigator.userAgent === 'string' &&","                    typeof document.querySelector('body') === 'object' &&","                    typeof XMLHttpRequest.prototype.open === 'function' &&","                    'browser';","            } catch (errorCaughtBrowser) {","                return module.exports &&","                    typeof process.versions.node === 'string' &&","                    typeof require('http').createServer === 'function' &&","                    'node';","            }","        }());","        // init global","        local.global = local.modeJs === 'browser'","            ? window","            : global;","        switch (local.modeJs) {","        // re-init local from window.local","        case 'browser':","            local = local.global.utility2.objectSetDefault(","                local.global.utility2_rollup || local.global.local,","                local.global.utility2","            );","            break;","        // re-init local from example.js","        case 'node':","            local = (local.global.utility2_rollup || require('utility2'))","                .requireExampleJsFromReadme();","            break;","        }","        // export local","        local.global.local = local;","    }());","","","","    // run shared js-env code - function","    (function () {","        return;","    }());","    switch (local.modeJs) {","","","","    // run browser js-env code - function","    case 'browser':","        break;","","","","    // run node js-env code - function","    case 'node':","        break;","    }","","","","    // run shared js-env code - post-init","    (function () {","        return;","    }());","    switch (local.modeJs) {","","","","    // run browser js-env code - post-init","    case 'browser':","        local.testCase_browser_nullCase = local.testCase_browser_nullCase || function (","            options,","            onError","        ) {","        /*","         * this function will test browsers's null-case handling-behavior-behavior","         */","            onError(null, options);","        };","","        // run tests","        local.nop(local.modeTest &&","            document.querySelector('#testRunButton1') &&","            document.querySelector('#testRunButton1').click());","        break;","","","","    // run node js-env code - post-init","    /* istanbul ignore next */","    case 'node':","        local.testCase_buildApidoc_default = local.testCase_buildApidoc_default || function (","            options,","            onError","        ) {","        /*","         * this function will test buildApidoc's default handling-behavior-behavior","         */","            options = { modulePathList: module.paths };","            local.buildApidoc(options, onError);","        };","","        local.testCase_buildApp_default = local.testCase_buildApp_default || function (","            options,","            onError","        ) {","        /*","         * this function will test buildApp's default handling-behavior-behavior","         */","            local.testCase_buildReadme_default(options, local.onErrorThrow);","            local.testCase_buildLib_default(options, local.onErrorThrow);","            local.testCase_buildTest_default(options, local.onErrorThrow);","            local.testCase_buildCustomOrg_default(options, local.onErrorThrow);","            options = [];","            local.buildApp(options, onError);","        };","","        local.testCase_buildCustomOrg_default = local.testCase_buildCustomOrg_default ||","            function (options, onError) {","            /*","             * this function will test buildCustomOrg's default handling-behavior","             */","                options = {};","                local.buildCustomOrg(options, onError);","            };","","        local.testCase_buildLib_default = local.testCase_buildLib_default || function (","            options,","            onError","        ) {","        /*","         * this function will test buildLib's default handling-behavior","         */","            options = {};","            local.buildLib(options, onError);","        };","","        local.testCase_buildReadme_default = local.testCase_buildReadme_default || function (","            options,","            onError","        ) {","        /*","         * this function will test buildReadme's default handling-behavior-behavior","         */","            options = {};","            local.buildReadme(options, onError);","        };","","        local.testCase_buildTest_default = local.testCase_buildTest_default || function (","            options,","            onError","        ) {","        /*","         * this function will test buildTest's default handling-behavior","         */","            options = {};","            local.buildTest(options, onError);","        };","","        local.testCase_webpage_default = local.testCase_webpage_default || function (","            options,","            onError","        ) {","        /*","         * this function will test webpage's default handling-behavior","         */","            options = { modeCoverageMerge: true, url: local.serverLocalHost + '?modeTest=1' };","            local.browserTest(options, onError);","        };","","        // run test-server","        local.testRunServer(local);","        break;","    }","}());",""],"l":{"12":2,"14":2,"19":2,"21":2,"23":2,"24":2,"25":2,"30":1,"37":2,"40":2,"43":1,"47":1,"50":1,"52":1,"55":2,"61":2,"62":2,"64":2,"70":1,"76":1,"82":2,"83":2,"85":2,"91":1,"98":1,"102":1,"105":1,"112":1,"119":1,"120":1,"123":1,"130":1,"131":1,"132":1,"133":1,"134":1,"135":1,"138":1,"143":2,"144":2,"147":1,"154":2,"155":2,"158":1,"165":2,"166":2,"169":1,"176":2,"177":2,"180":1,"187":1,"188":1,"192":1,"193":1}},"/home/travis/build/npmtest/node-npmtest-jsonlint/lib.npmtest_jsonlint.js":{"path":"/home/travis/build/npmtest/node-npmtest-jsonlint/lib.npmtest_jsonlint.js","s":{"1":2,"2":2,"3":2,"4":2,"5":2,"6":2,"7":2,"8":1,"9":2,"10":2,"11":2,"12":2,"13":1,"14":1,"15":1,"16":1},"b":{"1":[2,1,1,1],"2":[1,1,1,1],"3":[1,1],"4":[2,2],"5":[1,1]},"f":{"1":2,"2":2,"3":2},"fnMap":{"1":{"name":"(anonymous_1)","line":12,"loc":{"start":{"line":12,"column":1},"end":{"line":12,"column":13}}},"2":{"name":"(anonymous_2)","line":19,"loc":{"start":{"line":19,"column":5},"end":{"line":19,"column":17}}},"3":{"name":"(anonymous_3)","line":23,"loc":{"start":{"line":23,"column":24},"end":{"line":23,"column":36}}}},"statementMap":{"1":{"start":{"line":12,"column":0},"end":{"line":53,"column":5}},"2":{"start":{"line":14,"column":4},"end":{"line":14,"column":14}},"3":{"start":{"line":19,"column":4},"end":{"line":52,"column":9}},"4":{"start":{"line":21,"column":8},"end":{"line":21,"column":19}},"5":{"start":{"line":23,"column":8},"end":{"line":35,"column":13}},"6":{"start":{"line":24,"column":12},"end":{"line":34,"column":13}},"7":{"start":{"line":25,"column":16},"end":{"line":28,"column":30}},"8":{"start":{"line":30,"column":16},"end":{"line":33,"column":27}},"9":{"start":{"line":37,"column":8},"end":{"line":39,"column":21}},"10":{"start":{"line":41,"column":8},"end":{"line":41,"column":54}},"11":{"start":{"line":43,"column":8},"end":{"line":43,"column":53}},"12":{"start":{"line":45,"column":8},"end":{"line":51,"column":9}},"13":{"start":{"line":46,"column":12},"end":{"line":46,"column":59}},"14":{"start":{"line":48,"column":12},"end":{"line":48,"column":35}},"15":{"start":{"line":49,"column":12},"end":{"line":49,"column":49}},"16":{"start":{"line":50,"column":12},"end":{"line":50,"column":43}}},"branchMap":{"1":{"line":25,"type":"binary-expr","locations":[{"start":{"line":25,"column":23},"end":{"line":25,"column":62}},{"start":{"line":26,"column":20},"end":{"line":26,"column":70}},{"start":{"line":27,"column":20},"end":{"line":27,"column":71}},{"start":{"line":28,"column":20},"end":{"line":28,"column":29}}]},"2":{"line":30,"type":"binary-expr","locations":[{"start":{"line":30,"column":23},"end":{"line":30,"column":37}},{"start":{"line":31,"column":20},"end":{"line":31,"column":61}},{"start":{"line":32,"column":20},"end":{"line":32,"column":70}},{"start":{"line":33,"column":20},"end":{"line":33,"column":26}}]},"3":{"line":37,"type":"cond-expr","locations":[{"start":{"line":38,"column":14},"end":{"line":38,"column":20}},{"start":{"line":39,"column":14},"end":{"line":39,"column":20}}]},"4":{"line":41,"type":"binary-expr","locations":[{"start":{"line":41,"column":16},"end":{"line":41,"column":44}},{"start":{"line":41,"column":48},"end":{"line":41,"column":53}}]},"5":{"line":45,"type":"if","locations":[{"start":{"line":45,"column":8},"end":{"line":45,"column":8}},{"start":{"line":45,"column":8},"end":{"line":45,"column":8}}]}},"code":["/* istanbul instrument in package npmtest_jsonlint */","/*jslint","    bitwise: true,","    browser: true,","    maxerr: 8,","    maxlen: 96,","    node: true,","    nomen: true,","    regexp: true,","    stupid: true","*/","(function () {","    'use strict';","    var local;","","","","    // run shared js-env code - pre-init","    (function () {","        // init local","        local = {};","        // init modeJs","        local.modeJs = (function () {","            try {","                return typeof navigator.userAgent === 'string' &&","                    typeof document.querySelector('body') === 'object' &&","                    typeof XMLHttpRequest.prototype.open === 'function' &&","                    'browser';","            } catch (errorCaughtBrowser) {","                return module.exports &&","                    typeof process.versions.node === 'string' &&","                    typeof require('http').createServer === 'function' &&","                    'node';","            }","        }());","        // init global","        local.global = local.modeJs === 'browser'","            ? window","            : global;","        // init utility2_rollup","        local = local.global.utility2_rollup || local;","        // init lib","        local.local = local.npmtest_jsonlint = local;","        // init exports","        if (local.modeJs === 'browser') {","            local.global.utility2_npmtest_jsonlint = local;","        } else {","            module.exports = local;","            module.exports.__dirname = __dirname;","            module.exports.module = module;","        }","    }());","}());",""],"l":{"12":2,"14":2,"19":2,"21":2,"23":2,"24":2,"25":2,"30":1,"37":2,"41":2,"43":2,"45":2,"46":1,"48":1,"49":1,"50":1}},"/home/travis/build/npmtest/node-npmtest-jsonlint/example.js":{"path":"/home/travis/build/npmtest/node-npmtest-jsonlint/example.js","s":{"1":2,"2":2,"3":2,"4":2,"5":2,"6":2,"7":2,"8":1,"9":2,"10":2,"11":2,"12":2,"13":1,"14":2,"15":2,"16":2,"17":2,"18":2,"19":0,"20":2,"21":1,"22":1,"23":1,"24":1,"25":1,"26":0,"27":0,"28":1,"29":1,"30":2,"31":0,"32":0,"33":0,"34":1,"35":2,"36":2,"37":3,"38":3,"39":3,"40":3,"41":0,"42":3,"43":3,"44":3,"45":1,"46":3,"47":1,"48":1,"49":1,"50":1,"51":1,"52":1,"53":1,"54":1,"55":1,"56":1,"57":0,"58":1,"59":6,"60":6,"61":1,"62":2,"63":0,"64":2,"65":1,"66":1,"67":0,"68":0,"69":0,"70":0,"71":0,"72":0,"73":0,"74":0,"75":0,"76":0,"77":0,"78":0,"79":0,"80":0,"81":0,"82":0,"83":0},"b":{"1":[2,1,1,1],"2":[1,1,1,1],"3":[1,1],"4":[2,2],"5":[1,1],"6":[1,1],"7":[2,0],"8":[2,1,1,1,1,1],"9":[0,2,0],"10":[1,1],"11":[2,1,1],"12":[1,0],"13":[0,2],"14":[2,0,0,0,0,0,0],"15":[0,3],"16":[3,0],"17":[1,1],"18":[0,1],"19":[1,2,0,2],"20":[1,0],"21":[1,1],"22":[0,0],"23":[0,0],"24":[0,0],"25":[0,0],"26":[0,0],"27":[0,0],"28":[0,0]},"f":{"1":2,"2":2,"3":2,"4":2,"5":2,"6":2,"7":3,"8":3,"9":3,"10":1,"11":6,"12":0},"fnMap":{"1":{"name":"(anonymous_1)","line":26,"loc":{"start":{"line":26,"column":1},"end":{"line":26,"column":13}}},"2":{"name":"(anonymous_2)","line":33,"loc":{"start":{"line":33,"column":5},"end":{"line":33,"column":17}}},"3":{"name":"(anonymous_3)","line":37,"loc":{"start":{"line":37,"column":24},"end":{"line":37,"column":36}}},"4":{"name":"(anonymous_4)","line":69,"loc":{"start":{"line":69,"column":31},"end":{"line":69,"column":48}},"skip":true},"5":{"name":"(anonymous_5)","line":78,"loc":{"start":{"line":78,"column":26},"end":{"line":78,"column":45}},"skip":true},"6":{"name":"(anonymous_6)","line":123,"loc":{"start":{"line":123,"column":33},"end":{"line":123,"column":48}},"skip":true},"7":{"name":"(anonymous_7)","line":125,"loc":{"start":{"line":125,"column":27},"end":{"line":125,"column":39}},"skip":true},"8":{"name":"(anonymous_8)","line":133,"loc":{"start":{"line":133,"column":59},"end":{"line":133,"column":74}},"skip":true},"9":{"name":"(anonymous_9)","line":143,"loc":{"start":{"line":143,"column":45},"end":{"line":143,"column":62}},"skip":true},"10":{"name":"(anonymous_10)","line":144,"loc":{"start":{"line":144,"column":73},"end":{"line":144,"column":92}},"skip":true},"11":{"name":"(anonymous_11)","line":272,"loc":{"start":{"line":272,"column":51},"end":{"line":272,"column":77}},"skip":true},"12":{"name":"(anonymous_12)","line":315,"loc":{"start":{"line":315,"column":32},"end":{"line":315,"column":61}},"skip":true}},"statementMap":{"1":{"start":{"line":26,"column":0},"end":{"line":326,"column":5}},"2":{"start":{"line":28,"column":4},"end":{"line":28,"column":14}},"3":{"start":{"line":33,"column":4},"end":{"line":60,"column":9}},"4":{"start":{"line":35,"column":8},"end":{"line":35,"column":19}},"5":{"start":{"line":37,"column":8},"end":{"line":49,"column":13}},"6":{"start":{"line":38,"column":12},"end":{"line":48,"column":13}},"7":{"start":{"line":39,"column":16},"end":{"line":42,"column":30}},"8":{"start":{"line":44,"column":16},"end":{"line":47,"column":27}},"9":{"start":{"line":51,"column":8},"end":{"line":53,"column":21}},"10":{"start":{"line":55,"column":8},"end":{"line":57,"column":45}},"11":{"start":{"line":59,"column":8},"end":{"line":59,"column":35}},"12":{"start":{"line":61,"column":4},"end":{"line":325,"column":5}},"13":{"start":{"line":69,"column":8},"end":{"line":121,"column":10},"skip":true},"14":{"start":{"line":70,"column":12},"end":{"line":88,"column":13},"skip":true},"15":{"start":{"line":76,"column":16},"end":{"line":87,"column":19},"skip":true},"16":{"start":{"line":79,"column":20},"end":{"line":86,"column":21},"skip":true},"17":{"start":{"line":82,"column":24},"end":{"line":82,"column":43},"skip":true},"18":{"start":{"line":83,"column":24},"end":{"line":83,"column":30},"skip":true},"19":{"start":{"line":85,"column":24},"end":{"line":85,"column":49},"skip":true},"20":{"start":{"line":89,"column":12},"end":{"line":107,"column":13},"skip":true},"21":{"start":{"line":92,"column":16},"end":{"line":102,"column":17},"skip":true},"22":{"start":{"line":93,"column":20},"end":{"line":93,"column":86},"skip":true},"23":{"start":{"line":94,"column":20},"end":{"line":95,"column":45},"skip":true},"24":{"start":{"line":96,"column":20},"end":{"line":96,"column":42},"skip":true},"25":{"start":{"line":97,"column":20},"end":{"line":97,"column":48},"skip":true},"26":{"start":{"line":100,"column":20},"end":{"line":100,"column":85},"skip":true},"27":{"start":{"line":101,"column":20},"end":{"line":101,"column":96},"skip":true},"28":{"start":{"line":103,"column":16},"end":{"line":103,"column":22},"skip":true},"29":{"start":{"line":106,"column":16},"end":{"line":106,"column":22},"skip":true},"30":{"start":{"line":108,"column":12},"end":{"line":120,"column":13},"skip":true},"31":{"start":{"line":114,"column":16},"end":{"line":119,"column":17},"skip":true},"32":{"start":{"line":116,"column":20},"end":{"line":116,"column":78},"skip":true},"33":{"start":{"line":118,"column":20},"end":{"line":118,"column":47},"skip":true},"34":{"start":{"line":123,"column":8},"end":{"line":141,"column":11},"skip":true},"35":{"start":{"line":124,"column":12},"end":{"line":124,"column":54},"skip":true},"36":{"start":{"line":125,"column":12},"end":{"line":140,"column":14},"skip":true},"37":{"start":{"line":126,"column":16},"end":{"line":126,"column":28},"skip":true},"38":{"start":{"line":127,"column":16},"end":{"line":127,"column":69},"skip":true},"39":{"start":{"line":128,"column":16},"end":{"line":128,"column":75},"skip":true},"40":{"start":{"line":129,"column":16},"end":{"line":131,"column":17},"skip":true},"41":{"start":{"line":130,"column":20},"end":{"line":130,"column":27},"skip":true},"42":{"start":{"line":133,"column":16},"end":{"line":137,"column":36},"skip":true},"43":{"start":{"line":134,"column":20},"end":{"line":136,"column":55},"skip":true},"44":{"start":{"line":139,"column":16},"end":{"line":139,"column":57},"skip":true},"45":{"start":{"line":143,"column":8},"end":{"line":147,"column":11},"skip":true},"46":{"start":{"line":144,"column":12},"end":{"line":146,"column":15},"skip":true},"47":{"start":{"line":145,"column":16},"end":{"line":145,"column":70},"skip":true},"48":{"start":{"line":149,"column":8},"end":{"line":149,"column":31},"skip":true},"49":{"start":{"line":150,"column":8},"end":{"line":150,"column":14},"skip":true},"50":{"start":{"line":158,"column":8},"end":{"line":158,"column":31},"skip":true},"51":{"start":{"line":160,"column":8},"end":{"line":160,"column":33},"skip":true},"52":{"start":{"line":161,"column":8},"end":{"line":161,"column":37},"skip":true},"53":{"start":{"line":162,"column":8},"end":{"line":162,"column":35},"skip":true},"54":{"start":{"line":164,"column":8},"end":{"line":164,"column":50},"skip":true},"55":{"start":{"line":166,"column":8},"end":{"line":256,"column":2},"skip":true},"56":{"start":{"line":258,"column":8},"end":{"line":286,"column":9},"skip":true},"57":{"start":{"line":259,"column":12},"end":{"line":269,"column":14},"skip":true},"58":{"start":{"line":271,"column":12},"end":{"line":285,"column":19},"skip":true},"59":{"start":{"line":274,"column":20},"end":{"line":274,"column":35},"skip":true},"60":{"start":{"line":275,"column":20},"end":{"line":284,"column":21},"skip":true},"61":{"start":{"line":277,"column":24},"end":{"line":277,"column":64},"skip":true},"62":{"start":{"line":279,"column":24},"end":{"line":279,"column":40},"skip":true},"63":{"start":{"line":281,"column":24},"end":{"line":281,"column":40},"skip":true},"64":{"start":{"line":283,"column":24},"end":{"line":283,"column":39},"skip":true},"65":{"start":{"line":288,"column":8},"end":{"line":290,"column":9},"skip":true},"66":{"start":{"line":289,"column":12},"end":{"line":289,"column":18},"skip":true},"67":{"start":{"line":291,"column":8},"end":{"line":293,"column":54},"skip":true},"68":{"start":{"line":296,"column":8},"end":{"line":301,"column":37},"skip":true},"69":{"start":{"line":303,"column":8},"end":{"line":303,"column":82},"skip":true},"70":{"start":{"line":306,"column":8},"end":{"line":308,"column":9},"skip":true},"71":{"start":{"line":307,"column":12},"end":{"line":307,"column":82},"skip":true},"72":{"start":{"line":310,"column":8},"end":{"line":312,"column":9},"skip":true},"73":{"start":{"line":311,"column":12},"end":{"line":311,"column":18},"skip":true},"74":{"start":{"line":313,"column":8},"end":{"line":313,"column":54},"skip":true},"75":{"start":{"line":314,"column":8},"end":{"line":314,"column":69},"skip":true},"76":{"start":{"line":315,"column":8},"end":{"line":323,"column":36},"skip":true},"77":{"start":{"line":316,"column":12},"end":{"line":316,"column":61},"skip":true},"78":{"start":{"line":317,"column":12},"end":{"line":320,"column":13},"skip":true},"79":{"start":{"line":318,"column":16},"end":{"line":318,"column":75},"skip":true},"80":{"start":{"line":319,"column":16},"end":{"line":319,"column":23},"skip":true},"81":{"start":{"line":321,"column":12},"end":{"line":321,"column":38},"skip":true},"82":{"start":{"line":322,"column":12},"end":{"line":322,"column":27},"skip":true},"83":{"start":{"line":324,"column":8},"end":{"line":324,"column":14},"skip":true}},"branchMap":{"1":{"line":39,"type":"binary-expr","locations":[{"start":{"line":39,"column":23},"end":{"line":39,"column":62}},{"start":{"line":40,"column":20},"end":{"line":40,"column":70}},{"start":{"line":41,"column":20},"end":{"line":41,"column":71}},{"start":{"line":42,"column":20},"end":{"line":42,"column":29}}]},"2":{"line":44,"type":"binary-expr","locations":[{"start":{"line":44,"column":23},"end":{"line":44,"column":37}},{"start":{"line":45,"column":20},"end":{"line":45,"column":61}},{"start":{"line":46,"column":20},"end":{"line":46,"column":70}},{"start":{"line":47,"column":20},"end":{"line":47,"column":26}}]},"3":{"line":51,"type":"cond-expr","locations":[{"start":{"line":52,"column":14},"end":{"line":52,"column":20}},{"start":{"line":53,"column":14},"end":{"line":53,"column":20}}]},"4":{"line":55,"type":"binary-expr","locations":[{"start":{"line":55,"column":16},"end":{"line":55,"column":44}},{"start":{"line":55,"column":49},"end":{"line":57,"column":43}}]},"5":{"line":55,"type":"cond-expr","locations":[{"start":{"line":56,"column":14},"end":{"line":56,"column":52}},{"start":{"line":57,"column":14},"end":{"line":57,"column":43}}]},"6":{"line":61,"type":"switch","locations":[{"start":{"line":68,"column":4},"end":{"line":150,"column":14},"skip":true},{"start":{"line":156,"column":4},"end":{"line":324,"column":14},"skip":true}]},"7":{"line":70,"type":"if","locations":[{"start":{"line":70,"column":12},"end":{"line":70,"column":12},"skip":true},{"start":{"line":70,"column":12},"end":{"line":70,"column":12},"skip":true}]},"8":{"line":70,"type":"binary-expr","locations":[{"start":{"line":70,"column":16},"end":{"line":70,"column":22},"skip":true},{"start":{"line":70,"column":27},"end":{"line":70,"column":32},"skip":true},{"start":{"line":71,"column":20},"end":{"line":71,"column":39},"skip":true},{"start":{"line":72,"column":20},"end":{"line":72,"column":49},"skip":true},{"start":{"line":73,"column":20},"end":{"line":73,"column":58},"skip":true},{"start":{"line":74,"column":20},"end":{"line":74,"column":69},"skip":true}]},"9":{"line":79,"type":"switch","locations":[{"start":{"line":80,"column":20},"end":{"line":80,"column":33},"skip":true},{"start":{"line":81,"column":20},"end":{"line":83,"column":30},"skip":true},{"start":{"line":84,"column":20},"end":{"line":85,"column":49},"skip":true}]},"10":{"line":89,"type":"switch","locations":[{"start":{"line":90,"column":12},"end":{"line":103,"column":22},"skip":true},{"start":{"line":105,"column":12},"end":{"line":106,"column":22},"skip":true}]},"11":{"line":89,"type":"binary-expr","locations":[{"start":{"line":89,"column":20},"end":{"line":89,"column":25},"skip":true},{"start":{"line":89,"column":29},"end":{"line":89,"column":48},"skip":true},{"start":{"line":89,"column":52},"end":{"line":89,"column":74},"skip":true}]},"12":{"line":92,"type":"if","locations":[{"start":{"line":92,"column":16},"end":{"line":92,"column":16},"skip":true},{"start":{"line":92,"column":16},"end":{"line":92,"column":16},"skip":true}]},"13":{"line":108,"type":"if","locations":[{"start":{"line":108,"column":12},"end":{"line":108,"column":12},"skip":true},{"start":{"line":108,"column":12},"end":{"line":108,"column":12},"skip":true}]},"14":{"line":108,"type":"binary-expr","locations":[{"start":{"line":108,"column":16},"end":{"line":108,"column":61},"skip":true},{"start":{"line":108,"column":66},"end":{"line":108,"column":72},"skip":true},{"start":{"line":108,"column":77},"end":{"line":108,"column":82},"skip":true},{"start":{"line":109,"column":20},"end":{"line":109,"column":39},"skip":true},{"start":{"line":110,"column":20},"end":{"line":110,"column":49},"skip":true},{"start":{"line":111,"column":20},"end":{"line":111,"column":58},"skip":true},{"start":{"line":112,"column":20},"end":{"line":112,"column":68},"skip":true}]},"15":{"line":129,"type":"if","locations":[{"start":{"line":129,"column":16},"end":{"line":129,"column":16},"skip":true},{"start":{"line":129,"column":16},"end":{"line":129,"column":16},"skip":true}]},"16":{"line":134,"type":"cond-expr","locations":[{"start":{"line":135,"column":26},"end":{"line":135,"column":29},"skip":true},{"start":{"line":136,"column":26},"end":{"line":136,"column":54},"skip":true}]},"17":{"line":164,"type":"binary-expr","locations":[{"start":{"line":164,"column":27},"end":{"line":164,"column":43},"skip":true},{"start":{"line":164,"column":47},"end":{"line":164,"column":49},"skip":true}]},"18":{"line":258,"type":"if","locations":[{"start":{"line":258,"column":8},"end":{"line":258,"column":8},"skip":true},{"start":{"line":258,"column":8},"end":{"line":258,"column":8},"skip":true}]},"19":{"line":275,"type":"switch","locations":[{"start":{"line":276,"column":20},"end":{"line":277,"column":64},"skip":true},{"start":{"line":278,"column":20},"end":{"line":279,"column":40},"skip":true},{"start":{"line":280,"column":20},"end":{"line":281,"column":40},"skip":true},{"start":{"line":282,"column":20},"end":{"line":283,"column":39},"skip":true}]},"20":{"line":288,"type":"if","locations":[{"start":{"line":288,"column":8},"end":{"line":288,"column":8},"skip":true},{"start":{"line":288,"column":8},"end":{"line":288,"column":8},"skip":true}]},"21":{"line":288,"type":"binary-expr","locations":[{"start":{"line":288,"column":12},"end":{"line":288,"column":40},"skip":true},{"start":{"line":288,"column":44},"end":{"line":288,"column":67},"skip":true}]},"22":{"line":292,"type":"binary-expr","locations":[{"start":{"line":292,"column":12},"end":{"line":292,"column":50},"skip":true},{"start":{"line":293,"column":12},"end":{"line":293,"column":53},"skip":true}]},"23":{"line":297,"type":"binary-expr","locations":[{"start":{"line":297,"column":12},"end":{"line":297,"column":66},"skip":true},{"start":{"line":298,"column":12},"end":{"line":301,"column":36},"skip":true}]},"24":{"line":303,"type":"binary-expr","locations":[{"start":{"line":303,"column":43},"end":{"line":303,"column":75},"skip":true},{"start":{"line":303,"column":79},"end":{"line":303,"column":81},"skip":true}]},"25":{"line":306,"type":"if","locations":[{"start":{"line":306,"column":8},"end":{"line":306,"column":8},"skip":true},{"start":{"line":306,"column":8},"end":{"line":306,"column":8},"skip":true}]},"26":{"line":310,"type":"if","locations":[{"start":{"line":310,"column":8},"end":{"line":310,"column":8},"skip":true},{"start":{"line":310,"column":8},"end":{"line":310,"column":8},"skip":true}]},"27":{"line":313,"type":"binary-expr","locations":[{"start":{"line":313,"column":27},"end":{"line":313,"column":43},"skip":true},{"start":{"line":313,"column":47},"end":{"line":313,"column":53},"skip":true}]},"28":{"line":317,"type":"if","locations":[{"start":{"line":317,"column":12},"end":{"line":317,"column":12},"skip":true},{"start":{"line":317,"column":12},"end":{"line":317,"column":12},"skip":true}]}},"code":["/*","example.js","","quickstart example","","instruction","    1. save this script as example.js","    2. run the shell command:","        $ npm install npmtest-jsonlint && PORT=8081 node example.js","    3. play with the browser-demo on http://127.0.0.1:8081","*/","","","","/* istanbul instrument in package npmtest_jsonlint */","/*jslint","    bitwise: true,","    browser: true,","    maxerr: 8,","    maxlen: 96,","    node: true,","    nomen: true,","    regexp: true,","    stupid: true","*/","(function () {","    'use strict';","    var local;","","","","    // run shared js-env code - pre-init","    (function () {","        // init local","        local = {};","        // init modeJs","        local.modeJs = (function () {","            try {","                return typeof navigator.userAgent === 'string' &&","                    typeof document.querySelector('body') === 'object' &&","                    typeof XMLHttpRequest.prototype.open === 'function' &&","                    'browser';","            } catch (errorCaughtBrowser) {","                return module.exports &&","                    typeof process.versions.node === 'string' &&","                    typeof require('http').createServer === 'function' &&","                    'node';","            }","        }());","        // init global","        local.global = local.modeJs === 'browser'","            ? window","            : global;","        // init utility2_rollup","        local = local.global.utility2_rollup || (local.modeJs === 'browser'","            ? local.global.utility2_npmtest_jsonlint","            : global.utility2_moduleExports);","        // export local","        local.global.local = local;","    }());","    switch (local.modeJs) {","","","","    // post-init","    // run browser js-env code - post-init","    /* istanbul ignore next */","    case 'browser':","        local.testRunBrowser = function (event) {","            if (!event || (event &&","                    event.currentTarget &&","                    event.currentTarget.className &&","                    event.currentTarget.className.includes &&","                    event.currentTarget.className.includes('onreset'))) {","                // reset output","                Array.from(","                    document.querySelectorAll('body > .resettable')","                ).forEach(function (element) {","                    switch (element.tagName) {","                    case 'INPUT':","                    case 'TEXTAREA':","                        element.value = '';","                        break;","                    default:","                        element.textContent = '';","                    }","                });","            }","            switch (event && event.currentTarget && event.currentTarget.id) {","            case 'testRunButton1':","                // show tests","                if (document.querySelector('#testReportDiv1').style.display === 'none') {","                    document.querySelector('#testReportDiv1').style.display = 'block';","                    document.querySelector('#testRunButton1').textContent =","                        'hide internal test';","                    local.modeTest = true;","                    local.testRunDefault(local);","                // hide tests","                } else {","                    document.querySelector('#testReportDiv1').style.display = 'none';","                    document.querySelector('#testRunButton1').textContent = 'run internal test';","                }","                break;","            // custom-case","            default:","                break;","            }","            if (document.querySelector('#inputTextareaEval1') && (!event || (event &&","                    event.currentTarget &&","                    event.currentTarget.className &&","                    event.currentTarget.className.includes &&","                    event.currentTarget.className.includes('oneval')))) {","                // try to eval input-code","                try {","                    /*jslint evil: true*/","                    eval(document.querySelector('#inputTextareaEval1').value);","                } catch (errorCaught) {","                    console.error(errorCaught);","                }","            }","        };","        // log stderr and stdout to #outputTextareaStdout1","        ['error', 'log'].forEach(function (key) {","            console[key + '_original'] = console[key];","            console[key] = function () {","                var element;","                console[key + '_original'].apply(console, arguments);","                element = document.querySelector('#outputTextareaStdout1');","                if (!element) {","                    return;","                }","                // append text to #outputTextareaStdout1","                element.value += Array.from(arguments).map(function (arg) {","                    return typeof arg === 'string'","                        ? arg","                        : JSON.stringify(arg, null, 4);","                }).join(' ') + '\\n';","                // scroll textarea to bottom","                element.scrollTop = element.scrollHeight;","            };","        });","        // init event-handling","        ['change', 'click', 'keyup'].forEach(function (event) {","            Array.from(document.querySelectorAll('.on' + event)).forEach(function (element) {","                element.addEventListener(event, local.testRunBrowser);","            });","        });","        // run tests","        local.testRunBrowser();","        break;","","","","    // run node js-env code - post-init","    /* istanbul ignore next */","    case 'node':","        // export local","        module.exports = local;","        // require modules","        local.fs = require('fs');","        local.http = require('http');","        local.url = require('url');","        // init assets","        local.assetsDict = local.assetsDict || {};","        /* jslint-ignore-begin */","        local.assetsDict['/assets.index.template.html'] = '\\","<!doctype html>\\n\\","<html lang=\"en\">\\n\\","<head>\\n\\","<meta charset=\"UTF-8\">\\n\\","<meta name=\"viewport\" content=\"width=device-width, initial-scale=1\">\\n\\","<title>{{env.npm_package_name}} (v{{env.npm_package_version}})</title>\\n\\","<style>\\n\\","/*csslint\\n\\","    box-sizing: false,\\n\\","    universal-selector: false\\n\\","*/\\n\\","* {\\n\\","    box-sizing: border-box;\\n\\","}\\n\\","body {\\n\\","    background: #dde;\\n\\","    font-family: Arial, Helvetica, sans-serif;\\n\\","    margin: 2rem;\\n\\","}\\n\\","body > * {\\n\\","    margin-bottom: 1rem;\\n\\","}\\n\\",".utility2FooterDiv {\\n\\","    margin-top: 20px;\\n\\","    text-align: center;\\n\\","}\\n\\","</style>\\n\\","<style>\\n\\","/*csslint\\n\\","*/\\n\\","textarea {\\n\\","    font-family: monospace;\\n\\","    height: 10rem;\\n\\","    width: 100%;\\n\\","}\\n\\","textarea[readonly] {\\n\\","    background: #ddd;\\n\\","}\\n\\","</style>\\n\\","</head>\\n\\","<body>\\n\\","<!-- utility2-comment\\n\\","<div id=\"ajaxProgressDiv1\" style=\"background: #d00; height: 2px; left: 0; margin: 0; padding: 0; position: fixed; top: 0; transition: background 0.5s, width 1.5s; width: 25%;\"></div>\\n\\","utility2-comment -->\\n\\","<h1>\\n\\","<!-- utility2-comment\\n\\","    <a\\n\\","        {{#if env.npm_package_homepage}}\\n\\","        href=\"{{env.npm_package_homepage}}\"\\n\\","        {{/if env.npm_package_homepage}}\\n\\","        target=\"_blank\"\\n\\","    >\\n\\","utility2-comment -->\\n\\","        {{env.npm_package_name}} (v{{env.npm_package_version}})\\n\\","<!-- utility2-comment\\n\\","    </a>\\n\\","utility2-comment -->\\n\\","</h1>\\n\\","<h3>{{env.npm_package_description}}</h3>\\n\\","<!-- utility2-comment\\n\\","<h4><a download href=\"assets.app.js\">download standalone app</a></h4>\\n\\","<button class=\"onclick onreset\" id=\"testRunButton1\">run internal test</button><br>\\n\\","<div id=\"testReportDiv1\" style=\"display: none;\"></div>\\n\\","utility2-comment -->\\n\\","\\n\\","\\n\\","\\n\\","<label>stderr and stdout</label>\\n\\","<textarea class=\"resettable\" id=\"outputTextareaStdout1\" readonly></textarea>\\n\\","<!-- utility2-comment\\n\\","{{#if isRollup}}\\n\\","<script src=\"assets.app.js\"></script>\\n\\","{{#unless isRollup}}\\n\\","utility2-comment -->\\n\\","<script src=\"assets.utility2.rollup.js\"></script>\\n\\","<script src=\"jsonp.utility2._stateInit?callback=window.utility2._stateInit\"></script>\\n\\","<script src=\"assets.npmtest_jsonlint.rollup.js\"></script>\\n\\","<script src=\"assets.example.js\"></script>\\n\\","<script src=\"assets.test.js\"></script>\\n\\","<!-- utility2-comment\\n\\","{{/if isRollup}}\\n\\","utility2-comment -->\\n\\","<div class=\"utility2FooterDiv\">\\n\\","    [ this app was created with\\n\\","    <a href=\"https://github.com/kaizhu256/node-utility2\" target=\"_blank\">utility2</a>\\n\\","    ]\\n\\","</div>\\n\\","</body>\\n\\","</html>\\n\\","';","        /* jslint-ignore-end */","        if (local.templateRender) {","            local.assetsDict['/'] = local.templateRender(","                local.assetsDict['/assets.index.template.html'],","                {","                    env: local.objectSetDefault(local.env, {","                        npm_package_description: 'the greatest app in the world!',","                        npm_package_name: 'my-app',","                        npm_package_nameAlias: 'my_app',","                        npm_package_version: '0.0.1'","                    })","                }","            );","        } else {","            local.assetsDict['/'] = local.assetsDict['/assets.index.template.html']","                .replace((/\\{\\{env\\.(\\w+?)\\}\\}/g), function (match0, match1) {","                    // jslint-hack","                    String(match0);","                    switch (match1) {","                    case 'npm_package_description':","                        return 'the greatest app in the world!';","                    case 'npm_package_name':","                        return 'my-app';","                    case 'npm_package_nameAlias':","                        return 'my_app';","                    case 'npm_package_version':","                        return '0.0.1';","                    }","                });","        }","        // run the cli","        if (local.global.utility2_rollup || module !== require.main) {","            break;","        }","        local.assetsDict['/assets.example.js'] =","            local.assetsDict['/assets.example.js'] ||","            local.fs.readFileSync(__filename, 'utf8');","        // bug-workaround - long $npm_package_buildCustomOrg","        /* jslint-ignore-begin */","        local.assetsDict['/assets.npmtest_jsonlint.rollup.js'] =","            local.assetsDict['/assets.npmtest_jsonlint.rollup.js'] ||","            local.fs.readFileSync(","                local.npmtest_jsonlint.__dirname + '/lib.npmtest_jsonlint.js',","                'utf8'","            ).replace((/^#!/), '//');","        /* jslint-ignore-end */","        local.assetsDict['/favicon.ico'] = local.assetsDict['/favicon.ico'] || '';","        // if $npm_config_timeout_exit exists,","        // then exit this process after $npm_config_timeout_exit ms","        if (Number(process.env.npm_config_timeout_exit)) {","            setTimeout(process.exit, Number(process.env.npm_config_timeout_exit));","        }","        // start server","        if (local.global.utility2_serverHttp1) {","            break;","        }","        process.env.PORT = process.env.PORT || '8081';","        console.error('server starting on port ' + process.env.PORT);","        local.http.createServer(function (request, response) {","            request.urlParsed = local.url.parse(request.url);","            if (local.assetsDict[request.urlParsed.pathname] !== undefined) {","                response.end(local.assetsDict[request.urlParsed.pathname]);","                return;","            }","            response.statusCode = 404;","            response.end();","        }).listen(process.env.PORT);","        break;","    }","}());",""],"l":{"26":2,"28":2,"33":2,"35":2,"37":2,"38":2,"39":2,"44":1,"51":2,"55":2,"59":2,"61":2,"69":1,"70":2,"76":2,"79":2,"82":2,"83":2,"85":1,"89":2,"92":1,"93":1,"94":1,"96":1,"97":1,"100":1,"101":1,"103":1,"106":1,"108":2,"114":1,"116":1,"118":1,"123":1,"124":2,"125":2,"126":3,"127":3,"128":3,"129":3,"130":1,"133":3,"134":3,"139":3,"143":1,"144":3,"145":1,"149":1,"150":1,"158":1,"160":1,"161":1,"162":1,"164":1,"166":1,"258":1,"259":1,"271":1,"274":6,"275":6,"277":1,"279":2,"281":1,"283":2,"288":1,"289":1,"291":1,"296":1,"303":1,"306":1,"307":1,"310":1,"311":1,"313":1,"314":1,"315":1,"316":1,"317":1,"318":1,"319":1,"321":1,"322":1,"324":1}},"/home/travis/build/npmtest/node-npmtest-jsonlint/node_modules/jsonlint/lib/jsonlint.js":{"path":"/home/travis/build/npmtest/node-npmtest-jsonlint/node_modules/jsonlint/lib/jsonlint.js","s":{"1":1,"2":1,"3":0,"4":0,"5":0,"6":0,"7":0,"8":0,"9":0,"10":0,"11":0,"12":0,"13":0,"14":0,"15":0,"16":0,"17":0,"18":0,"19":0,"20":0,"21":0,"22":0,"23":0,"24":0,"25":0,"26":0,"27":0,"28":0,"29":0,"30":0,"31":0,"32":0,"33":0,"34":0,"35":0,"36":0,"37":0,"38":0,"39":0,"40":0,"41":0,"42":0,"43":0,"44":0,"45":0,"46":0,"47":0,"48":0,"49":1,"50":0,"51":0,"52":0,"53":1,"54":0,"55":0,"56":0,"57":0,"58":0,"59":0,"60":0,"61":0,"62":0,"63":0,"64":0,"65":0,"66":0,"67":0,"68":0,"69":0,"70":0,"71":0,"72":0,"73":0,"74":0,"75":0,"76":0,"77":0,"78":0,"79":0,"80":0,"81":0,"82":0,"83":0,"84":0,"85":0,"86":0,"87":0,"88":0,"89":0,"90":0,"91":0,"92":0,"93":0,"94":0,"95":0,"96":0,"97":0,"98":0,"99":0,"100":0,"101":0,"102":0,"103":0,"104":0,"105":0,"106":0,"107":0,"108":0,"109":0,"110":0,"111":0,"112":0,"113":0,"114":0,"115":0,"116":0,"117":0,"118":0,"119":0,"120":0,"121":0,"122":0,"123":0,"124":0,"125":0,"126":0,"127":0,"128":0,"129":0,"130":0,"131":0,"132":0,"133":0,"134":0,"135":1,"136":1,"137":0,"138":0,"139":0,"140":0,"141":0,"142":0,"143":0,"144":0,"145":0,"146":0,"147":0,"148":0,"149":0,"150":0,"151":0,"152":0,"153":0,"154":0,"155":0,"156":0,"157":0,"158":0,"159":0,"160":0,"161":0,"162":0,"163":0,"164":0,"165":0,"166":0,"167":0,"168":0,"169":0,"170":0,"171":0,"172":0,"173":0,"174":0,"175":0,"176":0,"177":0,"178":0,"179":0,"180":0,"181":0,"182":0,"183":0,"184":0,"185":0,"186":0,"187":0,"188":0,"189":0,"190":0,"191":0,"192":0,"193":0,"194":0,"195":0,"196":0,"197":0,"198":0,"199":0,"200":0,"201":0,"202":0,"203":0,"204":0,"205":0,"206":0,"207":0,"208":0,"209":0,"210":0,"211":0,"212":0,"213":0,"214":0,"215":0,"216":1,"217":1,"218":0,"219":0,"220":0,"221":0,"222":0,"223":0,"224":0,"225":0,"226":0,"227":0,"228":0,"229":0,"230":0,"231":0,"232":0,"233":0,"234":0,"235":0,"236":0,"237":0,"238":0,"239":0,"240":0,"241":0,"242":0,"243":0,"244":0,"245":0,"246":0,"247":0,"248":1,"249":1,"250":1,"251":1,"252":1,"253":1,"254":1,"255":1,"256":0,"257":1,"258":0,"259":0,"260":0,"261":0,"262":0,"263":0,"264":0,"265":1,"266":0},"b":{"1":[0,0,0,0,0,0,0,0,0,0,0,0,0,0,0],"2":[0,0],"3":[0,0],"4":[0,0],"5":[0,0],"6":[0,0],"7":[0,0],"8":[0,0],"9":[0,0],"10":[0,0],"11":[0,0,0],"12":[0,0],"13":[0,0],"14":[0,0],"15":[0,0],"16":[0,0],"17":[0,0],"18":[0,0],"19":[0,0],"20":[0,0],"21":[0,0],"22":[0,0],"23":[0,0],"24":[0,0],"25":[0,0],"26":[0,0],"27":[0,0],"28":[0,0,0],"29":[0,0],"30":[0,0],"31":[0,0],"32":[0,0],"33":[0,0],"34":[0,0],"35":[0,0],"36":[0,0],"37":[0,0],"38":[0,0],"39":[0,0],"40":[0,0],"41":[0,0],"42":[0,0],"43":[0,0],"44":[0,0,0],"45":[0,0],"46":[0,0],"47":[0,0],"48":[0,0],"49":[0,0],"50":[0,0],"51":[0,0],"52":[0,0],"53":[0,0],"54":[0,0,0,0,0,0,0,0,0,0,0,0,0,0],"55":[1,0],"56":[1,1],"57":[0,0],"58":[0,0],"59":[0,1],"60":[1,1],"61":[0,0]},"f":{"1":1,"2":0,"3":0,"4":0,"5":0,"6":0,"7":0,"8":1,"9":0,"10":0,"11":0,"12":0,"13":0,"14":0,"15":0,"16":0,"17":0,"18":0,"19":0,"20":0,"21":0,"22":0,"23":0,"24":0,"25":0,"26":0,"27":0},"fnMap":{"1":{"name":"(anonymous_1)","line":2,"loc":{"start":{"line":2,"column":16},"end":{"line":2,"column":26}}},"2":{"name":"trace","line":3,"loc":{"start":{"line":3,"column":21},"end":{"line":3,"column":38}}},"3":{"name":"anonymous","line":8,"loc":{"start":{"line":8,"column":15},"end":{"line":8,"column":75}}},"4":{"name":"parseError","line":54,"loc":{"start":{"line":54,"column":12},"end":{"line":54,"column":43}}},"5":{"name":"parse","line":57,"loc":{"start":{"line":57,"column":7},"end":{"line":57,"column":29}}},"6":{"name":"popStack","line":83,"loc":{"start":{"line":83,"column":4},"end":{"line":83,"column":26}}},"7":{"name":"lex","line":89,"loc":{"start":{"line":89,"column":4},"end":{"line":89,"column":19}}},"8":{"name":"(anonymous_8)","line":242,"loc":{"start":{"line":242,"column":13},"end":{"line":242,"column":23}}},"9":{"name":"parseError","line":244,"loc":{"start":{"line":244,"column":11},"end":{"line":244,"column":42}}},"10":{"name":"(anonymous_10)","line":251,"loc":{"start":{"line":251,"column":9},"end":{"line":251,"column":26}}},"11":{"name":"(anonymous_11)","line":260,"loc":{"start":{"line":260,"column":6},"end":{"line":260,"column":18}}},"12":{"name":"(anonymous_12)","line":271,"loc":{"start":{"line":271,"column":6},"end":{"line":271,"column":20}}},"13":{"name":"(anonymous_13)","line":275,"loc":{"start":{"line":275,"column":5},"end":{"line":275,"column":17}}},"14":{"name":"(anonymous_14)","line":279,"loc":{"start":{"line":279,"column":5},"end":{"line":279,"column":18}}},"15":{"name":"(anonymous_15)","line":282,"loc":{"start":{"line":282,"column":10},"end":{"line":282,"column":22}}},"16":{"name":"(anonymous_16)","line":286,"loc":{"start":{"line":286,"column":14},"end":{"line":286,"column":26}}},"17":{"name":"(anonymous_17)","line":293,"loc":{"start":{"line":293,"column":13},"end":{"line":293,"column":25}}},"18":{"name":"(anonymous_18)","line":298,"loc":{"start":{"line":298,"column":5},"end":{"line":298,"column":17}}},"19":{"name":"lex","line":348,"loc":{"start":{"line":348,"column":4},"end":{"line":348,"column":19}}},"20":{"name":"begin","line":356,"loc":{"start":{"line":356,"column":6},"end":{"line":356,"column":32}}},"21":{"name":"popState","line":359,"loc":{"start":{"line":359,"column":9},"end":{"line":359,"column":29}}},"22":{"name":"_currentRules","line":362,"loc":{"start":{"line":362,"column":14},"end":{"line":362,"column":39}}},"23":{"name":"(anonymous_23)","line":365,"loc":{"start":{"line":365,"column":9},"end":{"line":365,"column":21}}},"24":{"name":"begin","line":368,"loc":{"start":{"line":368,"column":10},"end":{"line":368,"column":36}}},"25":{"name":"anonymous","line":372,"loc":{"start":{"line":372,"column":22},"end":{"line":372,"column":84}}},"26":{"name":"(anonymous_26)","line":417,"loc":{"start":{"line":417,"column":16},"end":{"line":417,"column":28}}},"27":{"name":"commonjsMain","line":418,"loc":{"start":{"line":418,"column":15},"end":{"line":418,"column":43}}}},"statementMap":{"1":{"start":{"line":2,"column":0},"end":{"line":414,"column":5}},"2":{"start":{"line":3,"column":0},"end":{"line":240,"column":3}},"3":{"start":{"line":10,"column":0},"end":{"line":10,"column":23}},"4":{"start":{"line":11,"column":0},"end":{"line":50,"column":1}},"5":{"start":{"line":13,"column":10},"end":{"line":19,"column":43}},"6":{"start":{"line":21,"column":0},"end":{"line":21,"column":6}},"7":{"start":{"line":22,"column":7},"end":{"line":22,"column":31}},"8":{"start":{"line":23,"column":0},"end":{"line":23,"column":6}},"9":{"start":{"line":24,"column":7},"end":{"line":24,"column":21}},"10":{"start":{"line":25,"column":0},"end":{"line":25,"column":6}},"11":{"start":{"line":26,"column":7},"end":{"line":26,"column":21}},"12":{"start":{"line":27,"column":0},"end":{"line":27,"column":6}},"13":{"start":{"line":28,"column":7},"end":{"line":28,"column":22}},"14":{"start":{"line":29,"column":0},"end":{"line":29,"column":6}},"15":{"start":{"line":30,"column":7},"end":{"line":30,"column":32}},"16":{"start":{"line":31,"column":0},"end":{"line":31,"column":6}},"17":{"start":{"line":32,"column":8},"end":{"line":32,"column":20}},"18":{"start":{"line":33,"column":0},"end":{"line":33,"column":6}},"19":{"start":{"line":34,"column":8},"end":{"line":34,"column":26}},"20":{"start":{"line":35,"column":0},"end":{"line":35,"column":6}},"21":{"start":{"line":36,"column":8},"end":{"line":36,"column":36}},"22":{"start":{"line":37,"column":0},"end":{"line":37,"column":6}},"23":{"start":{"line":38,"column":8},"end":{"line":38,"column":20}},"24":{"start":{"line":38,"column":21},"end":{"line":38,"column":51}},"25":{"start":{"line":39,"column":0},"end":{"line":39,"column":6}},"26":{"start":{"line":40,"column":8},"end":{"line":40,"column":26}},"27":{"start":{"line":40,"column":27},"end":{"line":40,"column":59}},"28":{"start":{"line":41,"column":0},"end":{"line":41,"column":6}},"29":{"start":{"line":42,"column":8},"end":{"line":42,"column":20}},"30":{"start":{"line":43,"column":0},"end":{"line":43,"column":6}},"31":{"start":{"line":44,"column":8},"end":{"line":44,"column":26}},"32":{"start":{"line":45,"column":0},"end":{"line":45,"column":6}},"33":{"start":{"line":46,"column":8},"end":{"line":46,"column":26}},"34":{"start":{"line":47,"column":0},"end":{"line":47,"column":6}},"35":{"start":{"line":48,"column":8},"end":{"line":48,"column":26}},"36":{"start":{"line":48,"column":27},"end":{"line":48,"column":49}},"37":{"start":{"line":49,"column":0},"end":{"line":49,"column":6}},"38":{"start":{"line":55,"column":4},"end":{"line":55,"column":25}},"39":{"start":{"line":58,"column":4},"end":{"line":68,"column":16}},"40":{"start":{"line":72,"column":4},"end":{"line":72,"column":31}},"41":{"start":{"line":73,"column":4},"end":{"line":73,"column":28}},"42":{"start":{"line":74,"column":4},"end":{"line":74,"column":31}},"43":{"start":{"line":75,"column":4},"end":{"line":76,"column":31}},"44":{"start":{"line":76,"column":8},"end":{"line":76,"column":31}},"45":{"start":{"line":77,"column":4},"end":{"line":77,"column":34}},"46":{"start":{"line":78,"column":4},"end":{"line":78,"column":23}},"47":{"start":{"line":80,"column":4},"end":{"line":81,"column":45}},"48":{"start":{"line":81,"column":8},"end":{"line":81,"column":45}},"49":{"start":{"line":83,"column":4},"end":{"line":87,"column":5}},"50":{"start":{"line":84,"column":8},"end":{"line":84,"column":42}},"51":{"start":{"line":85,"column":8},"end":{"line":85,"column":42}},"52":{"start":{"line":86,"column":8},"end":{"line":86,"column":42}},"53":{"start":{"line":89,"column":4},"end":{"line":97,"column":5}},"54":{"start":{"line":90,"column":8},"end":{"line":90,"column":18}},"55":{"start":{"line":91,"column":8},"end":{"line":91,"column":38}},"56":{"start":{"line":93,"column":8},"end":{"line":95,"column":9}},"57":{"start":{"line":94,"column":12},"end":{"line":94,"column":50}},"58":{"start":{"line":96,"column":8},"end":{"line":96,"column":21}},"59":{"start":{"line":99,"column":4},"end":{"line":99,"column":87}},"60":{"start":{"line":100,"column":4},"end":{"line":237,"column":5}},"61":{"start":{"line":102,"column":8},"end":{"line":102,"column":38}},"62":{"start":{"line":105,"column":8},"end":{"line":112,"column":9}},"63":{"start":{"line":106,"column":12},"end":{"line":106,"column":48}},"64":{"start":{"line":108,"column":12},"end":{"line":109,"column":31}},"65":{"start":{"line":109,"column":16},"end":{"line":109,"column":31}},"66":{"start":{"line":111,"column":12},"end":{"line":111,"column":58}},"67":{"start":{"line":115,"column":8},"end":{"line":168,"column":9}},"68":{"start":{"line":116,"column":8},"end":{"line":168,"column":9}},"69":{"start":{"line":118,"column":12},"end":{"line":134,"column":13}},"70":{"start":{"line":120,"column":16},"end":{"line":120,"column":30}},"71":{"start":{"line":121,"column":16},"end":{"line":123,"column":17}},"72":{"start":{"line":121,"column":40},"end":{"line":123,"column":17}},"73":{"start":{"line":122,"column":20},"end":{"line":122,"column":62}},"74":{"start":{"line":124,"column":16},"end":{"line":124,"column":32}},"75":{"start":{"line":125,"column":16},"end":{"line":131,"column":17}},"76":{"start":{"line":126,"column":20},"end":{"line":126,"column":175}},"77":{"start":{"line":128,"column":20},"end":{"line":130,"column":93}},"78":{"start":{"line":132,"column":16},"end":{"line":133,"column":147}},"79":{"start":{"line":137,"column":12},"end":{"line":148,"column":13}},"80":{"start":{"line":138,"column":16},"end":{"line":140,"column":17}},"81":{"start":{"line":139,"column":20},"end":{"line":139,"column":65}},"82":{"start":{"line":143,"column":16},"end":{"line":143,"column":43}},"83":{"start":{"line":144,"column":16},"end":{"line":144,"column":43}},"84":{"start":{"line":145,"column":16},"end":{"line":145,"column":47}},"85":{"start":{"line":146,"column":16},"end":{"line":146,"column":42}},"86":{"start":{"line":147,"column":16},"end":{"line":147,"column":31}},"87":{"start":{"line":151,"column":12},"end":{"line":161,"column":13}},"88":{"start":{"line":153,"column":16},"end":{"line":155,"column":17}},"89":{"start":{"line":154,"column":20},"end":{"line":154,"column":26}},"90":{"start":{"line":156,"column":16},"end":{"line":158,"column":17}},"91":{"start":{"line":157,"column":20},"end":{"line":157,"column":65}},"92":{"start":{"line":159,"column":16},"end":{"line":159,"column":28}},"93":{"start":{"line":160,"column":16},"end":{"line":160,"column":46}},"94":{"start":{"line":163,"column":12},"end":{"line":163,"column":36}},"95":{"start":{"line":164,"column":12},"end":{"line":164,"column":28}},"96":{"start":{"line":165,"column":12},"end":{"line":165,"column":42}},"97":{"start":{"line":166,"column":12},"end":{"line":166,"column":58}},"98":{"start":{"line":167,"column":12},"end":{"line":167,"column":27}},"99":{"start":{"line":171,"column":8},"end":{"line":173,"column":9}},"100":{"start":{"line":172,"column":12},"end":{"line":172,"column":106}},"101":{"start":{"line":175,"column":8},"end":{"line":235,"column":9}},"102":{"start":{"line":180,"column":16},"end":{"line":180,"column":35}},"103":{"start":{"line":181,"column":16},"end":{"line":181,"column":47}},"104":{"start":{"line":182,"column":16},"end":{"line":182,"column":47}},"105":{"start":{"line":183,"column":16},"end":{"line":183,"column":38}},"106":{"start":{"line":184,"column":16},"end":{"line":184,"column":30}},"107":{"start":{"line":185,"column":16},"end":{"line":195,"column":17}},"108":{"start":{"line":186,"column":20},"end":{"line":186,"column":47}},"109":{"start":{"line":187,"column":20},"end":{"line":187,"column":47}},"110":{"start":{"line":188,"column":20},"end":{"line":188,"column":51}},"111":{"start":{"line":189,"column":20},"end":{"line":189,"column":46}},"112":{"start":{"line":190,"column":20},"end":{"line":191,"column":37}},"113":{"start":{"line":191,"column":24},"end":{"line":191,"column":37}},"114":{"start":{"line":193,"column":20},"end":{"line":193,"column":44}},"115":{"start":{"line":194,"column":20},"end":{"line":194,"column":42}},"116":{"start":{"line":196,"column":16},"end":{"line":196,"column":22}},"117":{"start":{"line":201,"column":16},"end":{"line":201,"column":54}},"118":{"start":{"line":204,"column":16},"end":{"line":204,"column":52}},"119":{"start":{"line":206,"column":16},"end":{"line":211,"column":18}},"120":{"start":{"line":212,"column":16},"end":{"line":212,"column":113}},"121":{"start":{"line":214,"column":16},"end":{"line":216,"column":17}},"122":{"start":{"line":215,"column":20},"end":{"line":215,"column":29}},"123":{"start":{"line":219,"column":16},"end":{"line":223,"column":17}},"124":{"start":{"line":220,"column":20},"end":{"line":220,"column":52}},"125":{"start":{"line":221,"column":20},"end":{"line":221,"column":53}},"126":{"start":{"line":222,"column":20},"end":{"line":222,"column":53}},"127":{"start":{"line":225,"column":16},"end":{"line":225,"column":60}},"128":{"start":{"line":226,"column":16},"end":{"line":226,"column":37}},"129":{"start":{"line":227,"column":16},"end":{"line":227,"column":38}},"130":{"start":{"line":229,"column":16},"end":{"line":229,"column":79}},"131":{"start":{"line":230,"column":16},"end":{"line":230,"column":37}},"132":{"start":{"line":231,"column":16},"end":{"line":231,"column":22}},"133":{"start":{"line":234,"column":16},"end":{"line":234,"column":28}},"134":{"start":{"line":239,"column":4},"end":{"line":239,"column":16}},"135":{"start":{"line":242,"column":0},"end":{"line":411,"column":17}},"136":{"start":{"line":243,"column":0},"end":{"line":370,"column":8}},"137":{"start":{"line":245,"column":8},"end":{"line":249,"column":9}},"138":{"start":{"line":246,"column":12},"end":{"line":246,"column":42}},"139":{"start":{"line":248,"column":12},"end":{"line":248,"column":33}},"140":{"start":{"line":252,"column":8},"end":{"line":252,"column":28}},"141":{"start":{"line":253,"column":8},"end":{"line":253,"column":52}},"142":{"start":{"line":254,"column":8},"end":{"line":254,"column":40}},"143":{"start":{"line":255,"column":8},"end":{"line":255,"column":53}},"144":{"start":{"line":256,"column":8},"end":{"line":256,"column":42}},"145":{"start":{"line":257,"column":8},"end":{"line":257,"column":78}},"146":{"start":{"line":258,"column":8},"end":{"line":258,"column":20}},"147":{"start":{"line":261,"column":8},"end":{"line":261,"column":32}},"148":{"start":{"line":262,"column":8},"end":{"line":262,"column":24}},"149":{"start":{"line":263,"column":8},"end":{"line":263,"column":22}},"150":{"start":{"line":264,"column":8},"end":{"line":264,"column":23}},"151":{"start":{"line":265,"column":8},"end":{"line":265,"column":25}},"152":{"start":{"line":266,"column":8},"end":{"line":266,"column":35}},"153":{"start":{"line":267,"column":8},"end":{"line":267,"column":35}},"154":{"start":{"line":267,"column":19},"end":{"line":267,"column":35}},"155":{"start":{"line":268,"column":8},"end":{"line":268,"column":43}},"156":{"start":{"line":269,"column":8},"end":{"line":269,"column":18}},"157":{"start":{"line":272,"column":8},"end":{"line":272,"column":39}},"158":{"start":{"line":273,"column":8},"end":{"line":273,"column":20}},"159":{"start":{"line":276,"column":8},"end":{"line":276,"column":26}},"160":{"start":{"line":277,"column":8},"end":{"line":277,"column":20}},"161":{"start":{"line":280,"column":8},"end":{"line":280,"column":56}},"162":{"start":{"line":283,"column":8},"end":{"line":283,"column":83}},"163":{"start":{"line":284,"column":8},"end":{"line":284,"column":83}},"164":{"start":{"line":287,"column":8},"end":{"line":287,"column":30}},"165":{"start":{"line":288,"column":8},"end":{"line":290,"column":9}},"166":{"start":{"line":289,"column":12},"end":{"line":289,"column":58}},"167":{"start":{"line":291,"column":8},"end":{"line":291,"column":84}},"168":{"start":{"line":294,"column":8},"end":{"line":294,"column":35}},"169":{"start":{"line":295,"column":8},"end":{"line":295,"column":52}},"170":{"start":{"line":296,"column":8},"end":{"line":296,"column":57}},"171":{"start":{"line":299,"column":8},"end":{"line":301,"column":9}},"172":{"start":{"line":300,"column":12},"end":{"line":300,"column":28}},"173":{"start":{"line":302,"column":8},"end":{"line":302,"column":43}},"174":{"start":{"line":302,"column":26},"end":{"line":302,"column":43}},"175":{"start":{"line":304,"column":8},"end":{"line":309,"column":18}},"176":{"start":{"line":310,"column":8},"end":{"line":313,"column":9}},"177":{"start":{"line":311,"column":12},"end":{"line":311,"column":29}},"178":{"start":{"line":312,"column":12},"end":{"line":312,"column":28}},"179":{"start":{"line":314,"column":8},"end":{"line":314,"column":41}},"180":{"start":{"line":315,"column":8},"end":{"line":322,"column":9}},"181":{"start":{"line":316,"column":12},"end":{"line":316,"column":64}},"182":{"start":{"line":317,"column":12},"end":{"line":321,"column":13}},"183":{"start":{"line":318,"column":16},"end":{"line":318,"column":34}},"184":{"start":{"line":319,"column":16},"end":{"line":319,"column":26}},"185":{"start":{"line":320,"column":16},"end":{"line":320,"column":46}},"186":{"start":{"line":320,"column":40},"end":{"line":320,"column":46}},"187":{"start":{"line":323,"column":8},"end":{"line":340,"column":9}},"188":{"start":{"line":324,"column":12},"end":{"line":324,"column":44}},"189":{"start":{"line":325,"column":12},"end":{"line":325,"column":53}},"190":{"start":{"line":325,"column":23},"end":{"line":325,"column":53}},"191":{"start":{"line":326,"column":12},"end":{"line":329,"column":123}},"192":{"start":{"line":330,"column":12},"end":{"line":330,"column":36}},"193":{"start":{"line":331,"column":12},"end":{"line":331,"column":35}},"194":{"start":{"line":332,"column":12},"end":{"line":332,"column":45}},"195":{"start":{"line":333,"column":12},"end":{"line":333,"column":31}},"196":{"start":{"line":334,"column":12},"end":{"line":334,"column":61}},"197":{"start":{"line":335,"column":12},"end":{"line":335,"column":37}},"198":{"start":{"line":336,"column":12},"end":{"line":336,"column":129}},"199":{"start":{"line":337,"column":12},"end":{"line":337,"column":60}},"200":{"start":{"line":337,"column":42},"end":{"line":337,"column":60}},"201":{"start":{"line":338,"column":12},"end":{"line":339,"column":24}},"202":{"start":{"line":338,"column":23},"end":{"line":338,"column":36}},"203":{"start":{"line":339,"column":17},"end":{"line":339,"column":24}},"204":{"start":{"line":341,"column":8},"end":{"line":346,"column":9}},"205":{"start":{"line":342,"column":12},"end":{"line":342,"column":28}},"206":{"start":{"line":344,"column":12},"end":{"line":345,"column":66}},"207":{"start":{"line":349,"column":8},"end":{"line":349,"column":28}},"208":{"start":{"line":350,"column":8},"end":{"line":354,"column":9}},"209":{"start":{"line":351,"column":12},"end":{"line":351,"column":21}},"210":{"start":{"line":353,"column":12},"end":{"line":353,"column":30}},"211":{"start":{"line":357,"column":8},"end":{"line":357,"column":44}},"212":{"start":{"line":360,"column":8},"end":{"line":360,"column":41}},"213":{"start":{"line":363,"column":8},"end":{"line":363,"column":88}},"214":{"start":{"line":366,"column":8},"end":{"line":366,"column":65}},"215":{"start":{"line":369,"column":8},"end":{"line":369,"column":30}},"216":{"start":{"line":371,"column":0},"end":{"line":371,"column":19}},"217":{"start":{"line":372,"column":0},"end":{"line":405,"column":2}},"218":{"start":{"line":374,"column":0},"end":{"line":374,"column":20}},"219":{"start":{"line":375,"column":0},"end":{"line":404,"column":1}},"220":{"start":{"line":377,"column":0},"end":{"line":377,"column":6}},"221":{"start":{"line":378,"column":7},"end":{"line":378,"column":15}},"222":{"start":{"line":379,"column":0},"end":{"line":379,"column":6}},"223":{"start":{"line":380,"column":7},"end":{"line":380,"column":54}},"224":{"start":{"line":380,"column":55},"end":{"line":380,"column":63}},"225":{"start":{"line":381,"column":0},"end":{"line":381,"column":6}},"226":{"start":{"line":382,"column":7},"end":{"line":382,"column":16}},"227":{"start":{"line":383,"column":0},"end":{"line":383,"column":6}},"228":{"start":{"line":384,"column":7},"end":{"line":384,"column":16}},"229":{"start":{"line":385,"column":0},"end":{"line":385,"column":6}},"230":{"start":{"line":386,"column":7},"end":{"line":386,"column":16}},"231":{"start":{"line":387,"column":0},"end":{"line":387,"column":6}},"232":{"start":{"line":388,"column":7},"end":{"line":388,"column":16}},"233":{"start":{"line":389,"column":0},"end":{"line":389,"column":6}},"234":{"start":{"line":390,"column":7},"end":{"line":390,"column":16}},"235":{"start":{"line":391,"column":0},"end":{"line":391,"column":6}},"236":{"start":{"line":392,"column":7},"end":{"line":392,"column":16}},"237":{"start":{"line":393,"column":0},"end":{"line":393,"column":6}},"238":{"start":{"line":394,"column":7},"end":{"line":394,"column":16}},"239":{"start":{"line":395,"column":0},"end":{"line":395,"column":6}},"240":{"start":{"line":396,"column":8},"end":{"line":396,"column":17}},"241":{"start":{"line":397,"column":0},"end":{"line":397,"column":6}},"242":{"start":{"line":398,"column":8},"end":{"line":398,"column":16}},"243":{"start":{"line":399,"column":0},"end":{"line":399,"column":6}},"244":{"start":{"line":400,"column":8},"end":{"line":400,"column":17}},"245":{"start":{"line":401,"column":0},"end":{"line":401,"column":6}},"246":{"start":{"line":402,"column":8},"end":{"line":402,"column":24}},"247":{"start":{"line":403,"column":0},"end":{"line":403,"column":6}},"248":{"start":{"line":406,"column":0},"end":{"line":406,"column":277}},"249":{"start":{"line":407,"column":0},"end":{"line":407,"column":92}},"250":{"start":{"line":411,"column":0},"end":{"line":411,"column":13}},"251":{"start":{"line":412,"column":0},"end":{"line":412,"column":21}},"252":{"start":{"line":413,"column":0},"end":{"line":413,"column":14}},"253":{"start":{"line":415,"column":0},"end":{"line":432,"column":1}},"254":{"start":{"line":416,"column":0},"end":{"line":416,"column":26}},"255":{"start":{"line":417,"column":0},"end":{"line":417,"column":81}},"256":{"start":{"line":417,"column":30},"end":{"line":417,"column":79}},"257":{"start":{"line":418,"column":0},"end":{"line":428,"column":1}},"258":{"start":{"line":419,"column":4},"end":{"line":420,"column":51}},"259":{"start":{"line":420,"column":8},"end":{"line":420,"column":51}},"260":{"start":{"line":421,"column":4},"end":{"line":426,"column":5}},"261":{"start":{"line":422,"column":8},"end":{"line":422,"column":102}},"262":{"start":{"line":424,"column":8},"end":{"line":424,"column":62}},"263":{"start":{"line":425,"column":8},"end":{"line":425,"column":64}},"264":{"start":{"line":427,"column":4},"end":{"line":427,"column":40}},"265":{"start":{"line":429,"column":0},"end":{"line":431,"column":1}},"266":{"start":{"line":430,"column":2},"end":{"line":430,"column":96}}},"branchMap":{"1":{"line":11,"type":"switch","locations":[{"start":{"line":12,"column":0},"end":{"line":21,"column":6}},{"start":{"line":22,"column":0},"end":{"line":23,"column":6}},{"start":{"line":24,"column":0},"end":{"line":25,"column":6}},{"start":{"line":26,"column":0},"end":{"line":27,"column":6}},{"start":{"line":28,"column":0},"end":{"line":29,"column":6}},{"start":{"line":30,"column":0},"end":{"line":31,"column":6}},{"start":{"line":32,"column":0},"end":{"line":33,"column":6}},{"start":{"line":34,"column":0},"end":{"line":35,"column":6}},{"start":{"line":36,"column":0},"end":{"line":37,"column":6}},{"start":{"line":38,"column":0},"end":{"line":39,"column":6}},{"start":{"line":40,"column":0},"end":{"line":41,"column":6}},{"start":{"line":42,"column":0},"end":{"line":43,"column":6}},{"start":{"line":44,"column":0},"end":{"line":45,"column":6}},{"start":{"line":46,"column":0},"end":{"line":47,"column":6}},{"start":{"line":48,"column":0},"end":{"line":49,"column":6}}]},"2":{"line":75,"type":"if","locations":[{"start":{"line":75,"column":4},"end":{"line":75,"column":4}},{"start":{"line":75,"column":4},"end":{"line":75,"column":4}}]},"3":{"line":80,"type":"if","locations":[{"start":{"line":80,"column":4},"end":{"line":80,"column":4}},{"start":{"line":80,"column":4},"end":{"line":80,"column":4}}]},"4":{"line":91,"type":"binary-expr","locations":[{"start":{"line":91,"column":16},"end":{"line":91,"column":32}},{"start":{"line":91,"column":36},"end":{"line":91,"column":37}}]},"5":{"line":93,"type":"if","locations":[{"start":{"line":93,"column":8},"end":{"line":93,"column":8}},{"start":{"line":93,"column":8},"end":{"line":93,"column":8}}]},"6":{"line":94,"type":"binary-expr","locations":[{"start":{"line":94,"column":20},"end":{"line":94,"column":40}},{"start":{"line":94,"column":44},"end":{"line":94,"column":49}}]},"7":{"line":105,"type":"if","locations":[{"start":{"line":105,"column":8},"end":{"line":105,"column":8}},{"start":{"line":105,"column":8},"end":{"line":105,"column":8}}]},"8":{"line":108,"type":"if","locations":[{"start":{"line":108,"column":12},"end":{"line":108,"column":12}},{"start":{"line":108,"column":12},"end":{"line":108,"column":12}}]},"9":{"line":111,"type":"binary-expr","locations":[{"start":{"line":111,"column":21},"end":{"line":111,"column":33}},{"start":{"line":111,"column":37},"end":{"line":111,"column":57}}]},"10":{"line":116,"type":"if","locations":[{"start":{"line":116,"column":8},"end":{"line":116,"column":8}},{"start":{"line":116,"column":8},"end":{"line":116,"column":8}}]},"11":{"line":116,"type":"binary-expr","locations":[{"start":{"line":116,"column":12},"end":{"line":116,"column":41}},{"start":{"line":116,"column":45},"end":{"line":116,"column":59}},{"start":{"line":116,"column":63},"end":{"line":116,"column":73}}]},"12":{"line":118,"type":"if","locations":[{"start":{"line":118,"column":12},"end":{"line":118,"column":12}},{"start":{"line":118,"column":12},"end":{"line":118,"column":12}}]},"13":{"line":121,"type":"if","locations":[{"start":{"line":121,"column":40},"end":{"line":121,"column":40}},{"start":{"line":121,"column":40},"end":{"line":121,"column":40}}]},"14":{"line":121,"type":"binary-expr","locations":[{"start":{"line":121,"column":44},"end":{"line":121,"column":62}},{"start":{"line":121,"column":66},"end":{"line":121,"column":71}}]},"15":{"line":125,"type":"if","locations":[{"start":{"line":125,"column":16},"end":{"line":125,"column":16}},{"start":{"line":125,"column":16},"end":{"line":125,"column":16}}]},"16":{"line":129,"type":"cond-expr","locations":[{"start":{"line":129,"column":57},"end":{"line":129,"column":71}},{"start":{"line":130,"column":47},"end":{"line":130,"column":90}}]},"17":{"line":130,"type":"binary-expr","locations":[{"start":{"line":130,"column":52},"end":{"line":130,"column":75}},{"start":{"line":130,"column":79},"end":{"line":130,"column":85}}]},"18":{"line":133,"type":"binary-expr","locations":[{"start":{"line":133,"column":52},"end":{"line":133,"column":75}},{"start":{"line":133,"column":79},"end":{"line":133,"column":85}}]},"19":{"line":137,"type":"if","locations":[{"start":{"line":137,"column":12},"end":{"line":137,"column":12}},{"start":{"line":137,"column":12},"end":{"line":137,"column":12}}]},"20":{"line":138,"type":"if","locations":[{"start":{"line":138,"column":16},"end":{"line":138,"column":16}},{"start":{"line":138,"column":16},"end":{"line":138,"column":16}}]},"21":{"line":139,"type":"binary-expr","locations":[{"start":{"line":139,"column":36},"end":{"line":139,"column":42}},{"start":{"line":139,"column":46},"end":{"line":139,"column":63}}]},"22":{"line":153,"type":"if","locations":[{"start":{"line":153,"column":16},"end":{"line":153,"column":16}},{"start":{"line":153,"column":16},"end":{"line":153,"column":16}}]},"23":{"line":156,"type":"if","locations":[{"start":{"line":156,"column":16},"end":{"line":156,"column":16}},{"start":{"line":156,"column":16},"end":{"line":156,"column":16}}]},"24":{"line":157,"type":"binary-expr","locations":[{"start":{"line":157,"column":36},"end":{"line":157,"column":42}},{"start":{"line":157,"column":46},"end":{"line":157,"column":63}}]},"25":{"line":166,"type":"binary-e
[...]
e":1,"column":2883}}]},"4":{"line":1,"type":"binary-expr","locations":[{"start":{"line":1,"column":2867},"end":{"line":1,"column":2880}},{"start":{"line":1,"column":2882},"end":{"line":1,"column":2883}}]},"5":{"line":1,"type":"binary-expr","locations":[{"start":{"line":1,"column":3026},"end":{"line":1,"column":3063}},{"start":{"line":1,"column":3066},"end":{"line":1,"column":3086}}]},"6":{"line":1,"type":"binary-expr","locations":[{"start":{"line":1,"column":3122},"end":{"line":1,"column":3159}},{"start":{"line":1,"column":3162},"end":{"line":1,"column":3196}}]},"7":{"line":1,"type":"cond-expr","locations":[{"start":{"line":1,"column":3274},"end":{"line":1,"column":3298}},{"start":{"line":1,"column":3300},"end":{"line":1,"column":3332}}]},"8":{"line":1,"type":"binary-expr","locations":[{"start":{"line":1,"column":3300},"end":{"line":1,"column":3307}},{"start":{"line":1,"column":3310},"end":{"line":1,"column":3315}}]},"9":{"line":1,"type":"binary-expr","locations":[{"start":{"line":1,"column":3319},"end":{"line":1,"column":3323}},{"start":{"line":1,"column":3325},"end":{"line":1,"column":3332}}]},"10":{"line":1,"type":"if","locations":[{"start":{"line":1,"column":3334},"end":{"line":1,"column":3334}},{"start":{"line":1,"column":3334},"end":{"line":1,"column":3334}}]},"11":{"line":1,"type":"binary-expr","locations":[{"start":{"line":1,"column":3337},"end":{"line":1,"column":3358}},{"start":{"line":1,"column":3360},"end":{"line":1,"column":3369}},{"start":{"line":1,"column":3371},"end":{"line":1,"column":3376}}]},"12":{"line":1,"type":"if","locations":[{"start":{"line":1,"column":3378},"end":{"line":1,"column":3378}},{"start":{"line":1,"column":3378},"end":{"line":1,"column":3378}}]},"13":{"line":1,"type":"binary-expr","locations":[{"start":{"line":1,"column":3404},"end":{"line":1,"column":3422}},{"start":{"line":1,"column":3424},"end":{"line":1,"column":3427}},{"start":{"line":1,"column":3429},"end":{"line":1,"column":3463}}]},"14":{"line":1,"type":"cond-expr","locations":[{"start":{"line":1,"column":3497},"end":{"line":1,"column":3620}},{"start":{"line":1,"column":3621},"end":{"line":1,"column":3721}}]},"15":{"line":1,"type":"cond-expr","locations":[{"start":{"line":1,"column":3674},"end":{"line":1,"column":3688}},{"start":{"line":1,"column":3689},"end":{"line":1,"column":3720}}]},"16":{"line":1,"type":"binary-expr","locations":[{"start":{"line":1,"column":3694},"end":{"line":1,"column":3712}},{"start":{"line":1,"column":3714},"end":{"line":1,"column":3715}}]},"17":{"line":1,"type":"binary-expr","locations":[{"start":{"line":1,"column":3769},"end":{"line":1,"column":3787}},{"start":{"line":1,"column":3789},"end":{"line":1,"column":3790}}]},"18":{"line":1,"type":"if","locations":[{"start":{"line":1,"column":3835},"end":{"line":1,"column":3835}},{"start":{"line":1,"column":3835},"end":{"line":1,"column":3835}}]},"19":{"line":1,"type":"if","locations":[{"start":{"line":1,"column":3844},"end":{"line":1,"column":3844}},{"start":{"line":1,"column":3844},"end":{"line":1,"column":3844}}]},"20":{"line":1,"type":"binary-expr","locations":[{"start":{"line":1,"column":3868},"end":{"line":1,"column":3869}},{"start":{"line":1,"column":3871},"end":{"line":1,"column":3888}}]},"21":{"line":1,"type":"if","locations":[{"start":{"line":1,"column":3986},"end":{"line":1,"column":3986}},{"start":{"line":1,"column":3986},"end":{"line":1,"column":3986}}]},"22":{"line":1,"type":"if","locations":[{"start":{"line":1,"column":4015},"end":{"line":1,"column":4015}},{"start":{"line":1,"column":4015},"end":{"line":1,"column":4015}}]},"23":{"line":1,"type":"binary-expr","locations":[{"start":{"line":1,"column":4039},"end":{"line":1,"column":4040}},{"start":{"line":1,"column":4042},"end":{"line":1,"column":4059}}]},"24":{"line":1,"type":"binary-expr","locations":[{"start":{"line":1,"column":4108},"end":{"line":1,"column":4112}},{"start":{"line":1,"column":4114},"end":{"line":1,"column":4121}}]},"25":{"line":1,"type":"if","locations":[{"start":{"line":1,"column":4126},"end":{"line":1,"column":4126}},{"start":{"line":1,"column":4126},"end":{"line":1,"column":4126}}]},"26":{"line":1,"type":"binary-expr","locations":[{"start":{"line":1,"column":4129},"end":{"line":1,"column":4149}},{"start":{"line":1,"column":4151},"end":{"line":1,"column":4161}}]},"27":{"line":1,"type":"switch","locations":[{"start":{"line":1,"column":4260},"end":{"line":1,"column":4463}},{"start":{"line":1,"column":4463},"end":{"line":1,"column":4939}},{"start":{"line":1,"column":4939},"end":{"line":1,"column":4954}}]},"28":{"line":1,"type":"cond-expr","locations":[{"start":{"line":1,"column":4352},"end":{"line":1,"column":4362}},{"start":{"line":1,"column":4365},"end":{"line":1,"column":4455}}]},"29":{"line":1,"type":"binary-expr","locations":[{"start":{"line":1,"column":4447},"end":{"line":1,"column":4450}},{"start":{"line":1,"column":4452},"end":{"line":1,"column":4455}}]},"30":{"line":1,"type":"binary-expr","locations":[{"start":{"line":1,"column":4546},"end":{"line":1,"column":4547}},{"start":{"line":1,"column":4549},"end":{"line":1,"column":4550}}]},"31":{"line":1,"type":"binary-expr","locations":[{"start":{"line":1,"column":4623},"end":{"line":1,"column":4624}},{"start":{"line":1,"column":4626},"end":{"line":1,"column":4627}}]},"32":{"line":1,"type":"if","locations":[{"start":{"line":1,"column":4734},"end":{"line":1,"column":4734}},{"start":{"line":1,"column":4734},"end":{"line":1,"column":4734}}]},"33":{"line":1,"type":"binary-expr","locations":[{"start":{"line":1,"column":4768},"end":{"line":1,"column":4769}},{"start":{"line":1,"column":4772},"end":{"line":1,"column":4827}}]},"34":{"line":1,"type":"if","locations":[{"start":{"line":1,"column":5018},"end":{"line":1,"column":5018}},{"start":{"line":1,"column":5018},"end":{"line":1,"column":5018}}]},"35":{"line":1,"type":"binary-expr","locations":[{"start":{"line":1,"column":5459},"end":{"line":1,"column":5460}},{"start":{"line":1,"column":5462},"end":{"line":1,"column":5477}}]},"36":{"line":1,"type":"cond-expr","locations":[{"start":{"line":1,"column":5783},"end":{"line":1,"column":5788}},{"start":{"line":1,"column":5789},"end":{"line":1,"column":5791}}]},"37":{"line":1,"type":"binary-expr","locations":[{"start":{"line":1,"column":5875},"end":{"line":1,"column":5886}},{"start":{"line":1,"column":5889},"end":{"line":1,"column":5925}}]},"38":{"line":1,"type":"cond-expr","locations":[{"start":{"line":1,"column":5956},"end":{"line":1,"column":5961}},{"start":{"line":1,"column":5962},"end":{"line":1,"column":5964}}]},"39":{"line":1,"type":"if","locations":[{"start":{"line":1,"column":6127},"end":{"line":1,"column":6127}},{"start":{"line":1,"column":6127},"end":{"line":1,"column":6127}}]},"40":{"line":1,"type":"binary-expr","locations":[{"start":{"line":1,"column":6156},"end":{"line":1,"column":6167}},{"start":{"line":1,"column":6170},"end":{"line":1,"column":6182}}]},"41":{"line":1,"type":"binary-expr","locations":[{"start":{"line":1,"column":6200},"end":{"line":1,"column":6210}},{"start":{"line":1,"column":6213},"end":{"line":1,"column":6241}}]},"42":{"line":1,"type":"if","locations":[{"start":{"line":1,"column":6336},"end":{"line":1,"column":6336}},{"start":{"line":1,"column":6336},"end":{"line":1,"column":6336}}]},"43":{"line":1,"type":"binary-expr","locations":[{"start":{"line":1,"column":6339},"end":{"line":1,"column":6340}},{"start":{"line":1,"column":6343},"end":{"line":1,"column":6345}},{"start":{"line":1,"column":6347},"end":{"line":1,"column":6370}}]},"44":{"line":1,"type":"if","locations":[{"start":{"line":1,"column":6381},"end":{"line":1,"column":6381}},{"start":{"line":1,"column":6381},"end":{"line":1,"column":6381}}]},"45":{"line":1,"type":"if","locations":[{"start":{"line":1,"column":6410},"end":{"line":1,"column":6410}},{"start":{"line":1,"column":6410},"end":{"line":1,"column":6410}}]},"46":{"line":1,"type":"binary-expr","locations":[{"start":{"line":1,"column":6438},"end":{"line":1,"column":6439}},{"start":{"line":1,"column":6442},"end":{"line":1,"column":6465}}]},"47":{"line":1,"type":"cond-expr","locations":[{"start":{"line":1,"column":6590},"end":{"line":1,"column":6612}},{"start":{"line":1,"column":6613},"end":{"line":1,"column":6648}}]},"48":{"line":1,"type":"binary-expr","locations":[{"start":{"line":1,"column":6892},"end":{"line":1,"column":6901}},{"start":{"line":1,"column":6903},"end":{"line":1,"column":6914}},{"start":{"line":1,"column":6917},"end":{"line":1,"column":6929}}]},"49":{"line":1,"type":"if","locations":[{"start":{"line":1,"column":6931},"end":{"line":1,"column":6931}},{"start":{"line":1,"column":6931},"end":{"line":1,"column":6931}}]},"50":{"line":1,"type":"if","locations":[{"start":{"line":1,"column":6952},"end":{"line":1,"column":6952}},{"start":{"line":1,"column":6952},"end":{"line":1,"column":6952}}]},"51":{"line":1,"type":"cond-expr","locations":[{"start":{"line":1,"column":7196},"end":{"line":1,"column":7197}},{"start":{"line":1,"column":7198},"end":{"line":1,"column":7208}}]},"52":{"line":1,"type":"switch","locations":[{"start":{"line":1,"column":7605},"end":{"line":1,"column":7618}},{"start":{"line":1,"column":7618},"end":{"line":1,"column":7634}},{"start":{"line":1,"column":7634},"end":{"line":1,"column":7689}},{"start":{"line":1,"column":7689},"end":{"line":1,"column":7706}},{"start":{"line":1,"column":7706},"end":{"line":1,"column":7723}},{"start":{"line":1,"column":7723},"end":{"line":1,"column":7740}},{"start":{"line":1,"column":7740},"end":{"line":1,"column":7757}},{"start":{"line":1,"column":7757},"end":{"line":1,"column":7774}},{"start":{"line":1,"column":7774},"end":{"line":1,"column":7791}},{"start":{"line":1,"column":7791},"end":{"line":1,"column":7808}},{"start":{"line":1,"column":7808},"end":{"line":1,"column":7826}},{"start":{"line":1,"column":7826},"end":{"line":1,"column":7843}},{"start":{"line":1,"column":7843},"end":{"line":1,"column":7861}},{"start":{"line":1,"column":7861},"end":{"line":1,"column":7884}}]},"53":{"line":1,"type":"binary-expr","locations":[{"start":{"line":1,"column":8270},"end":{"line":1,"column":8291}},{"start":{"line":1,"column":8293},"end":{"line":1,"column":8314}},{"start":{"line":1,"column":8317},"end":{"line":1,"column":8768}}]},"54":{"line":1,"type":"if","locations":[{"start":{"line":1,"column":8401},"end":{"line":1,"column":8401}},{"start":{"line":1,"column":8401},"end":{"line":1,"column":8401}}]},"55":{"line":1,"type":"if","locations":[{"start":{"line":1,"column":8450},"end":{"line":1,"column":8450}},{"start":{"line":1,"column":8450},"end":{"line":1,"column":8450}}]},"56":{"line":1,"type":"binary-expr","locations":[{"start":{"line":1,"column":8659},"end":{"line":1,"column":8680}},{"start":{"line":1,"column":8682},"end":{"line":1,"column":8692}},{"start":{"line":1,"column":8694},"end":{"line":1,"column":8768}}]},"57":{"line":1,"type":"cond-expr","locations":[{"start":{"line":1,"column":8729},"end":{"line":1,"column":8750}},{"start":{"line":1,"column":8751},"end":{"line":1,"column":8767}}]}},"code":["var jsonlint=function(){var a=!0,b=!1,c={},d=function(){var a={trace:function(){},yy:{},symbols_:{error:2,JSONString:3,STRING:4,JSONNumber:5,NUMBER:6,JSONNullLiteral:7,NULL:8,JSONBooleanLiteral:9,TRUE:10,FALSE:11,JSONText:12,JSONValue:13,EOF:14,JSONObject:15,JSONArray:16,\"{\":17,\"}\":18,JSONMemberList:19,JSONMember:20,\":\":21,\",\":22,\"[\":23,\"]\":24,JSONElementList:25,$accept:0,$end:1},terminals_:{2:\"error\",4:\"STRING\",6:\"NUMBER\",8:\"NULL\",10:\"TRUE\",11:\"FALSE\",14:\"EOF\",17:\"{\",18:\"}\",21:\":\",22:\",\",23:\"[\",24:\"]\"},productions_:[0,[3,1],[5,1],[7,1],[9,1],[9,1],[12,2],[13,1],[13,1],[13,1],[13,1],[13,1],[13,1],[15,2],[15,3],[20,3],[19,1],[19,3],[16,2],[16,3],[25,1],[25,3]],performAction:function(b,c,d,e,f,g,h){var i=g.length-1;switch(f){case 1:this.$=b.replace(/\\\\(\\\\|\")/g,\"$1\").replace(/\\\\n/g,\"\\n\").replace(/\\\\r/g,\"\\r\").replace(/\\\\t/g,\"\t\").replace(/\\\\v/g,\"\u000b\").replace(/\\\\f/g,\"\\f\").replace(/\\\\b/g,\"\\b\");break;case 2:this.$=Number(b);break;case 3:this.$=null;break;case 4:this.$=!0;break;case 5:this.$=!1;break;case 6:return this.$=g[i-1];case 13:this.$={};break;case 14:this.$=g[i-1];break;case 15:this.$=[g[i-2],g[i]];break;case 16:this.$={},this.$[g[i][0]]=g[i][1];break;case 17:this.$=g[i-2],g[i-2][g[i][0]]=g[i][1];break;case 18:this.$=[];break;case 19:this.$=g[i-1];break;case 20:this.$=[g[i]];break;case 21:this.$=g[i-2],g[i-2].push(g[i])}},table:[{3:5,4:[1,12],5:6,6:[1,13],7:3,8:[1,9],9:4,10:[1,10],11:[1,11],12:1,13:2,15:7,16:8,17:[1,14],23:[1,15]},{1:[3]},{14:[1,16]},{14:[2,7],18:[2,7],22:[2,7],24:[2,7]},{14:[2,8],18:[2,8],22:[2,8],24:[2,8]},{14:[2,9],18:[2,9],22:[2,9],24:[2,9]},{14:[2,10],18:[2,10],22:[2,10],24:[2,10]},{14:[2,11],18:[2,11],22:[2,11],24:[2,11]},{14:[2,12],18:[2,12],22:[2,12],24:[2,12]},{14:[2,3],18:[2,3],22:[2,3],24:[2,3]},{14:[2,4],18:[2,4],22:[2,4],24:[2,4]},{14:[2,5],18:[2,5],22:[2,5],24:[2,5]},{14:[2,1],18:[2,1],21:[2,1],22:[2,1],24:[2,1]},{14:[2,2],18:[2,2],22:[2,2],24:[2,2]},{3:20,4:[1,12],18:[1,17],19:18,20:19},{3:5,4:[1,12],5:6,6:[1,13],7:3,8:[1,9],9:4,10:[1,10],11:[1,11],13:23,15:7,16:8,17:[1,14],23:[1,15],24:[1,21],25:22},{1:[2,6]},{14:[2,13],18:[2,13],22:[2,13],24:[2,13]},{18:[1,24],22:[1,25]},{18:[2,16],22:[2,16]},{21:[1,26]},{14:[2,18],18:[2,18],22:[2,18],24:[2,18]},{22:[1,28],24:[1,27]},{22:[2,20],24:[2,20]},{14:[2,14],18:[2,14],22:[2,14],24:[2,14]},{3:20,4:[1,12],20:29},{3:5,4:[1,12],5:6,6:[1,13],7:3,8:[1,9],9:4,10:[1,10],11:[1,11],13:30,15:7,16:8,17:[1,14],23:[1,15]},{14:[2,19],18:[2,19],22:[2,19],24:[2,19]},{3:5,4:[1,12],5:6,6:[1,13],7:3,8:[1,9],9:4,10:[1,10],11:[1,11],13:31,15:7,16:8,17:[1,14],23:[1,15]},{18:[2,17],22:[2,17]},{18:[2,15],22:[2,15]},{22:[2,21],24:[2,21]}],defaultActions:{16:[2,6]},parseError:function(b,c){throw new Error(b)},parse:function(b){function o(a){d.length=d.length-2*a,e.length=e.length-a,f.length=f.length-a}function p(){var a;return a=c.lexer.lex()||1,typeof a!=\"number\"&&(a=c.symbols_[a]||a),a}var c=this,d=[0],e=[null],f=[],g=this.table,h=\"\",i=0,j=0,k=0,l=2,m=1;this.lexer.setInput(b),this.lexer.yy=this.yy,this.yy.lexer=this.lexer,typeof this.lexer.yylloc==\"undefined\"&&(this.lexer.yylloc={});var n=this.lexer.yylloc;f.push(n),typeof this.yy.parseError==\"function\"&&(this.parseError=this.yy.parseError);var q,r,s,t,u,v,w={},x,y,z,A;for(;;){s=d[d.length-1],this.defaultActions[s]?t=this.defaultActions[s]:(q==null&&(q=p()),t=g[s]&&g[s][q]);if(typeof t==\"undefined\"||!t.length||!t[0]){if(!k){A=[];for(x in g[s])this.terminals_[x]&&x>2&&A.push(\"'\"+this.terminals_[x]+\"'\");var B=\"\";this.lexer.showPosition?B=\"Parse error on line \"+(i+1)+\":\\n\"+this.lexer.showPosition()+\"\\nExpecting \"+A.join(\", \")+\", got '\"+this.terminals_[q]+\"'\":B=\"Parse error on line \"+(i+1)+\": Unexpected \"+(q==1?\"end of input\":\"'\"+(this.terminals_[q]||q)+\"'\"),this.parseError(B,{text:this.lexer.match,token:this.terminals_[q]||q,line:this.lexer.yylineno,loc:n,expected:A})}if(k==3){if(q==m)throw new Error(B||\"Parsing halted.\");j=this.lexer.yyleng,h=this.lexer.yytext,i=this.lexer.yylineno,n=this.lexer.yylloc,q=p()}for(;;){if(l.toString()in g[s])break;if(s==0)throw new Error(B||\"Parsing halted.\");o(1),s=d[d.length-1]}r=q,q=l,s=d[d.length-1],t=g[s]&&g[s][l],k=3}if(t[0]instanceof Array&&t.length>1)throw new Error(\"Parse Error: multiple actions possible at state: \"+s+\", token: \"+q);switch(t[0]){case 1:d.push(q),e.push(this.lexer.yytext),f.push(this.lexer.yylloc),d.push(t[1]),q=null,r?(q=r,r=null):(j=this.lexer.yyleng,h=this.lexer.yytext,i=this.lexer.yylineno,n=this.lexer.yylloc,k>0&&k--);break;case 2:y=this.productions_[t[1]][1],w.$=e[e.length-y],w._$={first_line:f[f.length-(y||1)].first_line,last_line:f[f.length-1].last_line,first_column:f[f.length-(y||1)].first_column,last_column:f[f.length-1].last_column},v=this.performAction.call(w,h,j,i,this.yy,t[1],e,f);if(typeof v!=\"undefined\")return v;y&&(d=d.slice(0,-1*y*2),e=e.slice(0,-1*y),f=f.slice(0,-1*y)),d.push(this.productions_[t[1]][0]),e.push(w.$),f.push(w._$),z=g[d[d.length-2]][d[d.length-1]],d.push(z);break;case 3:return!0}}return!0}},b=function(){var a={EOF:1,parseError:function(b,c){if(!this.yy.parseError)throw new Error(b);this.yy.parseError(b,c)},setInput:function(a){return this._input=a,this._more=this._less=this.done=!1,this.yylineno=this.yyleng=0,this.yytext=this.matched=this.match=\"\",this.conditionStack=[\"INITIAL\"],this.yylloc={first_line:1,first_column:0,last_line:1,last_column:0},this},input:function(){var a=this._input[0];this.yytext+=a,this.yyleng++,this.match+=a,this.matched+=a;var b=a.match(/\\n/);return b&&this.yylineno++,this._input=this._input.slice(1),a},unput:function(a){return this._input=a+this._input,this},more:function(){return this._more=!0,this},less:function(a){this._input=this.match.slice(a)+this._input},pastInput:function(){var a=this.matched.substr(0,this.matched.length-this.match.length);return(a.length>20?\"...\":\"\")+a.substr(-20).replace(/\\n/g,\"\")},upcomingInput:function(){var a=this.match;return a.length<20&&(a+=this._input.substr(0,20-a.length)),(a.substr(0,20)+(a.length>20?\"...\":\"\")).replace(/\\n/g,\"\")},showPosition:function(){var a=this.pastInput(),b=(new Array(a.length+1)).join(\"-\");return a+this.upcomingInput()+\"\\n\"+b+\"^\"},next:function(){if(this.done)return this.EOF;this._input||(this.done=!0);var a,b,c,d,e,f;this._more||(this.yytext=\"\",this.match=\"\");var g=this._currentRules();for(var h=0;h<g.length;h++){c=this._input.match(this.rules[g[h]]);if(c&&(!b||c[0].length>b[0].length)){b=c,d=h;if(!this.options.flex)break}}if(b){f=b[0].match(/\\n.*/g),f&&(this.yylineno+=f.length),this.yylloc={first_line:this.yylloc.last_line,last_line:this.yylineno+1,first_column:this.yylloc.last_column,last_column:f?f[f.length-1].length-1:this.yylloc.last_column+b[0].length},this.yytext+=b[0],this.match+=b[0],this.yyleng=this.yytext.length,this._more=!1,this._input=this._input.slice(b[0].length),this.matched+=b[0],a=this.performAction.call(this,this.yy,this,g[d],this.conditionStack[this.conditionStack.length-1]),this.done&&this._input&&(this.done=!1);if(a)return a;return}if(this._input===\"\")return this.EOF;this.parseError(\"Lexical error on line \"+(this.yylineno+1)+\". Unrecognized text.\\n\"+this.showPosition(),{text:\"\",token:null,line:this.yylineno})},lex:function(){var b=this.next();return typeof b!=\"undefined\"?b:this.lex()},begin:function(b){this.conditionStack.push(b)},popState:function(){return this.conditionStack.pop()},_currentRules:function(){return this.conditions[this.conditionStack[this.conditionStack.length-1]].rules},topState:function(){return this.conditionStack[this.conditionStack.length-2]},pushState:function(b){this.begin(b)}};return a.options={},a.performAction=function(b,c,d,e){var f=e;switch(d){case 0:break;case 1:return 6;case 2:return c.yytext=c.yytext.substr(1,c.yyleng-2),4;case 3:return 17;case 4:return 18;case 5:return 23;case 6:return 24;case 7:return 22;case 8:return 21;case 9:return 10;case 10:return 11;case 11:return 8;case 12:return 14;case 13:return\"INVALID\"}},a.rules=[/^(?:\\s+)/,/^(?:(-?([0-9]|[1-9][0-9]+))(\\.[0-9]+)?([eE][-+]?[0-9]+)?\\b)/,/^(?:\"(?:\\\\[\\\\\"bfnrt/]|\\\\u[a-fA-F0-9]{4}|[^\\\\\\0-\\x09\\x0a-\\x1f\"])*\")/,/^(?:\\{)/,/^(?:\\})/,/^(?:\\[)/,/^(?:\\])/,/^(?:,)/,/^(?::)/,/^(?:true\\b)/,/^(?:false\\b)/,/^(?:null\\b)/,/^(?:$)/,/^(?:.)/],a.conditions={INITIAL:{rules:[0,1,2,3,4,5,6,7,8,9,10,11,12,13],inclusive:!0}},a}();return a.lexer=b,a}();return typeof a!=\"undefined\"&&typeof c!=\"undefined\"&&(c.parser=d,c.parse=function(){return d.parse.apply(d,arguments)},c.main=function(d){if(!d[1])throw new Error(\"Usage: \"+d[0]+\" FILE\");if(typeof process!=\"undefined\")var e=a(\"fs\").readFileSync(a(\"path\").join(process.cwd(),d[1]),\"utf8\");else var f=a(\"file\").path(a(\"file\").cwd()),e=f.join(d[1]).read({charset:\"utf-8\"});return c.parser.parse(e)},typeof b!=\"undefined\"&&a.main===b&&c.main(typeof process!=\"undefined\"?process.argv.slice(1):a(\"system\").args)),c}();"],"l":{"1":1}}}